<?xml version="1.0" encoding="utf-8"?>
<CoverageSession xmlns:xsd="http://www.w3.org/2001/XMLSchema" xmlns:xsi="http://www.w3.org/2001/XMLSchema-instance" Version="4.6.0.0">
  <Summary numSequencePoints="820" visitedSequencePoints="521" numBranchPoints="291" visitedBranchPoints="143" sequenceCoverage="63.54" branchCoverage="49.14" maxCyclomaticComplexity="9" minCyclomaticComplexity="1" maxCrapScore="90" minCrapScore="1" visitedClasses="50" numClasses="79" visitedMethods="123" numMethods="203" />
  <Modules>
    <Module hash="1F-5D-BC-70-02-51-9B-26-98-42-C7-9F-BF-93-56-AF-50-7A-2C-1D">
      <Summary numSequencePoints="30" visitedSequencePoints="29" numBranchPoints="7" visitedBranchPoints="7" sequenceCoverage="96.67" branchCoverage="100" maxCyclomaticComplexity="1" minCyclomaticComplexity="1" maxCrapScore="1.04" minCrapScore="1" visitedClasses="2" numClasses="2" visitedMethods="7" numMethods="7" />
      <ModulePath>C:\Users\rafael.garcia\Desktop\DotNetArchitecture\Application\Tests\bin\Debug\Solution.Application.Tests.dll</ModulePath>
      <ModuleTime>2018-05-21T13:54:18.6467302Z</ModuleTime>
      <ModuleName>Solution.Application.Tests</ModuleName>
      <Files>
        <File uid="1" fullPath="C:\Users\rafael.garcia\Desktop\DotNetArchitecture\Application\Tests\Tests\AuthenticationApplicationTest.cs" />
        <File uid="2" fullPath="C:\Users\rafael.garcia\Desktop\DotNetArchitecture\Application\Tests\Tests\UserApplicationTest.cs" />
      </Files>
      <Classes>
        <Class>
          <Summary numSequencePoints="16" visitedSequencePoints="15" numBranchPoints="4" visitedBranchPoints="4" sequenceCoverage="93.75" branchCoverage="100" maxCyclomaticComplexity="1" minCyclomaticComplexity="1" maxCrapScore="1.04" minCrapScore="1" visitedClasses="1" numClasses="1" visitedMethods="4" numMethods="4" />
          <FullName>Solution.Application.Tests.AuthenticationApplicationTest</FullName>
          <Methods>
            <Method skippedDueTo="AutoImplementedProperty" visited="false" cyclomaticComplexity="1" nPathComplexity="0" sequenceCoverage="0" branchCoverage="0" crapScore="0" isConstructor="false" isStatic="false" isGetter="true" isSetter="false">
              <MetadataToken>100663298</MetadataToken>
              <Name>Solution.Application.Applications.IAuthenticationApplication Solution.Application.Tests.AuthenticationApplicationTest::get_AuthenticationApplication()</Name>
              <FileRef uid="1" />
              <SequencePoints />
              <BranchPoints />
            </Method>
            <Method visited="true" cyclomaticComplexity="1" nPathComplexity="0" sequenceCoverage="100" branchCoverage="100" crapScore="1" isConstructor="true" isStatic="false" isGetter="false" isSetter="false">
              <Summary numSequencePoints="6" visitedSequencePoints="6" numBranchPoints="1" visitedBranchPoints="1" sequenceCoverage="100" branchCoverage="100" maxCyclomaticComplexity="1" minCyclomaticComplexity="1" maxCrapScore="1" minCrapScore="1" visitedClasses="0" numClasses="0" visitedMethods="1" numMethods="1" />
              <MetadataToken>100663297</MetadataToken>
              <Name>System.Void Solution.Application.Tests.AuthenticationApplicationTest::.ctor()</Name>
              <FileRef uid="1" />
              <SequencePoints>
                <SequencePoint vc="3" uspid="1" ordinal="0" offset="0" sl="13" sc="3" el="13" ec="41" bec="0" bev="0" fileid="1">
                  <TrackedMethodRefs>
                    <TrackedMethodRef uid="1" vc="1" />
                  </TrackedMethodRefs>
                </SequencePoint>
                <SequencePoint vc="3" uspid="2" ordinal="1" offset="7" sl="14" sc="3" el="14" ec="4" bec="0" bev="0" fileid="1">
                  <TrackedMethodRefs>
                    <TrackedMethodRef uid="1" vc="1" />
                  </TrackedMethodRefs>
                </SequencePoint>
                <SequencePoint vc="3" uspid="3" ordinal="2" offset="8" sl="15" sc="4" el="15" ec="43" bec="0" bev="0" fileid="1">
                  <TrackedMethodRefs>
                    <TrackedMethodRef uid="1" vc="1" />
                  </TrackedMethodRefs>
                </SequencePoint>
                <SequencePoint vc="3" uspid="4" ordinal="3" offset="14" sl="16" sc="4" el="16" ec="72" bec="0" bev="0" fileid="1">
                  <TrackedMethodRefs>
                    <TrackedMethodRef uid="1" vc="1" />
                  </TrackedMethodRefs>
                </SequencePoint>
                <SequencePoint vc="3" uspid="5" ordinal="4" offset="20" sl="17" sc="4" el="17" ec="93" bec="0" bev="0" fileid="1">
                  <TrackedMethodRefs>
                    <TrackedMethodRef uid="1" vc="1" />
                  </TrackedMethodRefs>
                </SequencePoint>
                <SequencePoint vc="3" uspid="6" ordinal="5" offset="31" sl="18" sc="3" el="18" ec="4" bec="0" bev="0" fileid="1">
                  <TrackedMethodRefs>
                    <TrackedMethodRef uid="1" vc="1" />
                  </TrackedMethodRefs>
                </SequencePoint>
              </SequencePoints>
              <BranchPoints />
              <MethodPoint xsi:type="SequencePoint" vc="3" uspid="1" ordinal="0" offset="0" sl="13" sc="3" el="13" ec="41" bec="0" bev="0" fileid="1">
                <TrackedMethodRefs>
                  <TrackedMethodRef uid="1" vc="1" />
                </TrackedMethodRefs>
              </MethodPoint>
            </Method>
            <Method visited="true" cyclomaticComplexity="1" nPathComplexity="0" sequenceCoverage="66.67" branchCoverage="100" crapScore="1.04" isConstructor="false" isStatic="false" isGetter="false" isSetter="false">
              <Summary numSequencePoints="3" visitedSequencePoints="2" numBranchPoints="1" visitedBranchPoints="1" sequenceCoverage="66.67" branchCoverage="100" maxCyclomaticComplexity="1" minCyclomaticComplexity="1" maxCrapScore="1.04" minCrapScore="1.04" visitedClasses="0" numClasses="0" visitedMethods="1" numMethods="1" />
              <MetadataToken>100663299</MetadataToken>
              <Name>System.Void Solution.Application.Tests.AuthenticationApplicationTest::AuthenticationApplication_Authenticate()</Name>
              <FileRef uid="1" />
              <SequencePoints>
                <SequencePoint vc="1" uspid="7" ordinal="0" offset="0" sl="25" sc="3" el="25" ec="4" bec="0" bev="0" fileid="1">
                  <TrackedMethodRefs>
                    <TrackedMethodRef uid="1" vc="1" />
                  </TrackedMethodRefs>
                </SequencePoint>
                <SequencePoint vc="1" uspid="8" ordinal="1" offset="1" sl="26" sc="4" el="26" ec="70" bec="0" bev="0" fileid="1">
                  <TrackedMethodRefs>
                    <TrackedMethodRef uid="1" vc="1" />
                  </TrackedMethodRefs>
                </SequencePoint>
                <SequencePoint vc="0" uspid="9" ordinal="2" offset="18" sl="27" sc="3" el="27" ec="4" bec="0" bev="0" fileid="1" />
              </SequencePoints>
              <BranchPoints />
              <MethodPoint xsi:type="SequencePoint" vc="1" uspid="7" ordinal="0" offset="0" sl="25" sc="3" el="25" ec="4" bec="0" bev="0" fileid="1">
                <TrackedMethodRefs>
                  <TrackedMethodRef uid="1" vc="1" />
                </TrackedMethodRefs>
              </MethodPoint>
            </Method>
            <Method visited="true" cyclomaticComplexity="1" nPathComplexity="0" sequenceCoverage="100" branchCoverage="100" crapScore="1" isConstructor="false" isStatic="false" isGetter="false" isSetter="false">
              <Summary numSequencePoints="4" visitedSequencePoints="4" numBranchPoints="1" visitedBranchPoints="1" sequenceCoverage="100" branchCoverage="100" maxCyclomaticComplexity="1" minCyclomaticComplexity="1" maxCrapScore="1" minCrapScore="1" visitedClasses="0" numClasses="0" visitedMethods="1" numMethods="1" />
              <MetadataToken>100663300</MetadataToken>
              <Name>System.Void Solution.Application.Tests.AuthenticationApplicationTest::AuthenticationApplication_GenerateJwt()</Name>
              <FileRef uid="1" />
              <SequencePoints>
                <SequencePoint vc="1" uspid="10" ordinal="0" offset="0" sl="31" sc="3" el="31" ec="4" bec="0" bev="0" fileid="1">
                  <TrackedMethodRefs>
                    <TrackedMethodRef uid="2" vc="1" />
                  </TrackedMethodRefs>
                </SequencePoint>
                <SequencePoint vc="1" uspid="11" ordinal="1" offset="1" sl="32" sc="4" el="32" ec="81" bec="0" bev="0" fileid="1">
                  <TrackedMethodRefs>
                    <TrackedMethodRef uid="2" vc="1" />
                  </TrackedMethodRefs>
                </SequencePoint>
                <SequencePoint vc="1" uspid="12" ordinal="2" offset="18" sl="33" sc="4" el="33" ec="49" bec="0" bev="0" fileid="1">
                  <TrackedMethodRefs>
                    <TrackedMethodRef uid="2" vc="1" />
                  </TrackedMethodRefs>
                </SequencePoint>
                <SequencePoint vc="1" uspid="13" ordinal="3" offset="30" sl="34" sc="3" el="34" ec="4" bec="0" bev="0" fileid="1">
                  <TrackedMethodRefs>
                    <TrackedMethodRef uid="2" vc="1" />
                  </TrackedMethodRefs>
                </SequencePoint>
              </SequencePoints>
              <BranchPoints />
              <MethodPoint xsi:type="SequencePoint" vc="1" uspid="10" ordinal="0" offset="0" sl="31" sc="3" el="31" ec="4" bec="0" bev="0" fileid="1">
                <TrackedMethodRefs>
                  <TrackedMethodRef uid="2" vc="1" />
                </TrackedMethodRefs>
              </MethodPoint>
            </Method>
            <Method visited="true" cyclomaticComplexity="1" nPathComplexity="0" sequenceCoverage="100" branchCoverage="100" crapScore="1" isConstructor="false" isStatic="false" isGetter="false" isSetter="false">
              <Summary numSequencePoints="3" visitedSequencePoints="3" numBranchPoints="1" visitedBranchPoints="1" sequenceCoverage="100" branchCoverage="100" maxCyclomaticComplexity="1" minCyclomaticComplexity="1" maxCrapScore="1" minCrapScore="1" visitedClasses="0" numClasses="0" visitedMethods="1" numMethods="1" />
              <MetadataToken>100663301</MetadataToken>
              <Name>System.Void Solution.Application.Tests.AuthenticationApplicationTest::AuthenticationApplication_Logout()</Name>
              <FileRef uid="1" />
              <SequencePoints>
                <SequencePoint vc="1" uspid="14" ordinal="0" offset="0" sl="38" sc="3" el="38" ec="4" bec="0" bev="0" fileid="1">
                  <TrackedMethodRefs>
                    <TrackedMethodRef uid="3" vc="1" />
                  </TrackedMethodRefs>
                </SequencePoint>
                <SequencePoint vc="1" uspid="15" ordinal="1" offset="1" sl="39" sc="4" el="39" ec="40" bec="0" bev="0" fileid="1">
                  <TrackedMethodRefs>
                    <TrackedMethodRef uid="3" vc="1" />
                  </TrackedMethodRefs>
                </SequencePoint>
                <SequencePoint vc="1" uspid="16" ordinal="2" offset="15" sl="40" sc="3" el="40" ec="4" bec="0" bev="0" fileid="1">
                  <TrackedMethodRefs>
                    <TrackedMethodRef uid="3" vc="1" />
                  </TrackedMethodRefs>
                </SequencePoint>
              </SequencePoints>
              <BranchPoints />
              <MethodPoint xsi:type="SequencePoint" vc="1" uspid="14" ordinal="0" offset="0" sl="38" sc="3" el="38" ec="4" bec="0" bev="0" fileid="1">
                <TrackedMethodRefs>
                  <TrackedMethodRef uid="3" vc="1" />
                </TrackedMethodRefs>
              </MethodPoint>
            </Method>
          </Methods>
        </Class>
        <Class>
          <Summary numSequencePoints="14" visitedSequencePoints="14" numBranchPoints="3" visitedBranchPoints="3" sequenceCoverage="100" branchCoverage="100" maxCyclomaticComplexity="1" minCyclomaticComplexity="1" maxCrapScore="1" minCrapScore="1" visitedClasses="1" numClasses="1" visitedMethods="3" numMethods="3" />
          <FullName>Solution.Application.Tests.UserApplicationTest</FullName>
          <Methods>
            <Method skippedDueTo="AutoImplementedProperty" visited="false" cyclomaticComplexity="1" nPathComplexity="0" sequenceCoverage="0" branchCoverage="0" crapScore="0" isConstructor="false" isStatic="false" isGetter="true" isSetter="false">
              <MetadataToken>100663303</MetadataToken>
              <Name>Solution.Application.Applications.IUserApplication Solution.Application.Tests.UserApplicationTest::get_UserApplication()</Name>
              <FileRef uid="2" />
              <SequencePoints />
              <BranchPoints />
            </Method>
            <Method visited="true" cyclomaticComplexity="1" nPathComplexity="0" sequenceCoverage="100" branchCoverage="100" crapScore="1" isConstructor="true" isStatic="false" isGetter="false" isSetter="false">
              <Summary numSequencePoints="6" visitedSequencePoints="6" numBranchPoints="1" visitedBranchPoints="1" sequenceCoverage="100" branchCoverage="100" maxCyclomaticComplexity="1" minCyclomaticComplexity="1" maxCrapScore="1" minCrapScore="1" visitedClasses="0" numClasses="0" visitedMethods="1" numMethods="1" />
              <MetadataToken>100663302</MetadataToken>
              <Name>System.Void Solution.Application.Tests.UserApplicationTest::.ctor()</Name>
              <FileRef uid="2" />
              <SequencePoints>
                <SequencePoint vc="2" uspid="17" ordinal="0" offset="0" sl="12" sc="3" el="12" ec="31" bec="0" bev="0" fileid="2" />
                <SequencePoint vc="2" uspid="18" ordinal="1" offset="7" sl="13" sc="3" el="13" ec="4" bec="0" bev="0" fileid="2" />
                <SequencePoint vc="2" uspid="19" ordinal="2" offset="8" sl="14" sc="4" el="14" ec="43" bec="0" bev="0" fileid="2" />
                <SequencePoint vc="2" uspid="20" ordinal="3" offset="14" sl="15" sc="4" el="15" ec="72" bec="0" bev="0" fileid="2" />
                <SequencePoint vc="2" uspid="21" ordinal="4" offset="20" sl="16" sc="4" el="16" ec="73" bec="0" bev="0" fileid="2" />
                <SequencePoint vc="2" uspid="22" ordinal="5" offset="31" sl="17" sc="3" el="17" ec="4" bec="0" bev="0" fileid="2" />
              </SequencePoints>
              <BranchPoints />
              <MethodPoint xsi:type="SequencePoint" vc="2" uspid="17" ordinal="0" offset="0" sl="12" sc="3" el="12" ec="31" bec="0" bev="0" fileid="2" />
            </Method>
            <Method visited="true" cyclomaticComplexity="1" nPathComplexity="0" sequenceCoverage="100" branchCoverage="100" crapScore="1" isConstructor="false" isStatic="false" isGetter="false" isSetter="false">
              <Summary numSequencePoints="4" visitedSequencePoints="4" numBranchPoints="1" visitedBranchPoints="1" sequenceCoverage="100" branchCoverage="100" maxCyclomaticComplexity="1" minCyclomaticComplexity="1" maxCrapScore="1" minCrapScore="1" visitedClasses="0" numClasses="0" visitedMethods="1" numMethods="1" />
              <MetadataToken>100663304</MetadataToken>
              <Name>System.Void Solution.Application.Tests.UserApplicationTest::UserApplication_Select()</Name>
              <FileRef uid="2" />
              <SequencePoints>
                <SequencePoint vc="1" uspid="23" ordinal="0" offset="0" sl="23" sc="3" el="23" ec="4" bec="0" bev="0" fileid="2">
                  <TrackedMethodRefs>
                    <TrackedMethodRef uid="4" vc="1" />
                  </TrackedMethodRefs>
                </SequencePoint>
                <SequencePoint vc="1" uspid="24" ordinal="1" offset="1" sl="24" sc="4" el="24" ec="43" bec="0" bev="0" fileid="2">
                  <TrackedMethodRefs>
                    <TrackedMethodRef uid="4" vc="1" />
                  </TrackedMethodRefs>
                </SequencePoint>
                <SequencePoint vc="1" uspid="25" ordinal="2" offset="15" sl="25" sc="4" el="25" ec="26" bec="0" bev="0" fileid="2">
                  <TrackedMethodRefs>
                    <TrackedMethodRef uid="4" vc="1" />
                  </TrackedMethodRefs>
                </SequencePoint>
                <SequencePoint vc="1" uspid="26" ordinal="3" offset="22" sl="26" sc="3" el="26" ec="4" bec="0" bev="0" fileid="2">
                  <TrackedMethodRefs>
                    <TrackedMethodRef uid="4" vc="1" />
                  </TrackedMethodRefs>
                </SequencePoint>
              </SequencePoints>
              <BranchPoints />
              <MethodPoint xsi:type="SequencePoint" vc="1" uspid="23" ordinal="0" offset="0" sl="23" sc="3" el="23" ec="4" bec="0" bev="0" fileid="2">
                <TrackedMethodRefs>
                  <TrackedMethodRef uid="4" vc="1" />
                </TrackedMethodRefs>
              </MethodPoint>
            </Method>
            <Method visited="true" cyclomaticComplexity="1" nPathComplexity="0" sequenceCoverage="100" branchCoverage="100" crapScore="1" isConstructor="false" isStatic="false" isGetter="false" isSetter="false">
              <Summary numSequencePoints="4" visitedSequencePoints="4" numBranchPoints="1" visitedBranchPoints="1" sequenceCoverage="100" branchCoverage="100" maxCyclomaticComplexity="1" minCyclomaticComplexity="1" maxCrapScore="1" minCrapScore="1" visitedClasses="0" numClasses="0" visitedMethods="1" numMethods="1" />
              <MetadataToken>100663305</MetadataToken>
              <Name>System.Void Solution.Application.Tests.UserApplicationTest::UserApplication_List()</Name>
              <FileRef uid="2" />
              <SequencePoints>
                <SequencePoint vc="1" uspid="27" ordinal="0" offset="0" sl="30" sc="3" el="30" ec="4" bec="0" bev="0" fileid="2">
                  <TrackedMethodRefs>
                    <TrackedMethodRef uid="5" vc="1" />
                  </TrackedMethodRefs>
                </SequencePoint>
                <SequencePoint vc="1" uspid="28" ordinal="1" offset="1" sl="31" sc="4" el="31" ec="65" bec="0" bev="0" fileid="2">
                  <TrackedMethodRefs>
                    <TrackedMethodRef uid="5" vc="1" />
                  </TrackedMethodRefs>
                </SequencePoint>
                <SequencePoint vc="1" uspid="29" ordinal="2" offset="18" sl="32" sc="4" el="32" ec="37" bec="0" bev="0" fileid="2">
                  <TrackedMethodRefs>
                    <TrackedMethodRef uid="5" vc="1" />
                  </TrackedMethodRefs>
                </SequencePoint>
                <SequencePoint vc="1" uspid="30" ordinal="3" offset="34" sl="33" sc="3" el="33" ec="4" bec="0" bev="0" fileid="2">
                  <TrackedMethodRefs>
                    <TrackedMethodRef uid="5" vc="1" />
                  </TrackedMethodRefs>
                </SequencePoint>
              </SequencePoints>
              <BranchPoints />
              <MethodPoint xsi:type="SequencePoint" vc="1" uspid="27" ordinal="0" offset="0" sl="30" sc="3" el="30" ec="4" bec="0" bev="0" fileid="2">
                <TrackedMethodRefs>
                  <TrackedMethodRef uid="5" vc="1" />
                </TrackedMethodRefs>
              </MethodPoint>
            </Method>
          </Methods>
        </Class>
      </Classes>
      <TrackedMethods>
        <TrackedMethod uid="1" token="100663299" name="System.Void Solution.Application.Tests.AuthenticationApplicationTest::AuthenticationApplication_Authenticate()" strategy="MSTestTest" />
        <TrackedMethod uid="2" token="100663300" name="System.Void Solution.Application.Tests.AuthenticationApplicationTest::AuthenticationApplication_GenerateJwt()" strategy="MSTestTest" />
        <TrackedMethod uid="3" token="100663301" name="System.Void Solution.Application.Tests.AuthenticationApplicationTest::AuthenticationApplication_Logout()" strategy="MSTestTest" />
        <TrackedMethod uid="4" token="100663304" name="System.Void Solution.Application.Tests.UserApplicationTest::UserApplication_Select()" strategy="MSTestTest" />
        <TrackedMethod uid="5" token="100663305" name="System.Void Solution.Application.Tests.UserApplicationTest::UserApplication_List()" strategy="MSTestTest" />
      </TrackedMethods>
    </Module>
    <Module hash="BB-92-6B-49-27-22-3B-11-17-EA-A5-A0-80-D9-1A-57-E0-AB-83-54">
      <Summary numSequencePoints="189" visitedSequencePoints="36" numBranchPoints="111" visitedBranchPoints="18" sequenceCoverage="19.05" branchCoverage="16.22" maxCyclomaticComplexity="9" minCyclomaticComplexity="0" maxCrapScore="90" minCrapScore="0" visitedClasses="8" numClasses="27" visitedMethods="9" numMethods="45" />
      <ModulePath>C:\Users\rafael.garcia\Desktop\DotNetArchitecture\Application\Tests\bin\Debug\Solution.CrossCutting.Utils.dll</ModulePath>
      <ModuleTime>2018-05-21T13:36:08.5510043Z</ModuleTime>
      <ModuleName>Solution.CrossCutting.Utils</ModuleName>
      <Files>
        <File uid="5" fullPath="C:\Users\rafael.garcia\Desktop\DotNetArchitecture\CrossCutting\Utils\Extensions\ClaimsPrincipalExtensions.cs" />
        <File uid="6" fullPath="C:\Users\rafael.garcia\Desktop\DotNetArchitecture\CrossCutting\Utils\Extensions\DateTimeExtensions.cs" />
        <File uid="10" fullPath="C:\Users\rafael.garcia\Desktop\DotNetArchitecture\CrossCutting\Utils\Extensions\EnumerableExtensions.cs" />
        <File uid="11" fullPath="C:\Users\rafael.garcia\Desktop\DotNetArchitecture\CrossCutting\Utils\Extensions\EnumExtensions.cs" />
        <File uid="12" fullPath="C:\Users\rafael.garcia\Desktop\DotNetArchitecture\CrossCutting\Utils\Extensions\ExceptionExtensions.cs" />
        <File uid="13" fullPath="C:\Users\rafael.garcia\Desktop\DotNetArchitecture\CrossCutting\Utils\Extensions\PropertyInfoExtensions.cs" />
        <File uid="15" fullPath="C:\Users\rafael.garcia\Desktop\DotNetArchitecture\CrossCutting\Utils\Extensions\QueryableExtensions.cs" />
        <File uid="17" fullPath="C:\Users\rafael.garcia\Desktop\DotNetArchitecture\CrossCutting\Utils\Extensions\StringExtensions.cs" />
        <File uid="20" fullPath="C:\Users\rafael.garcia\Desktop\DotNetArchitecture\CrossCutting\Utils\Extensions\TimeSpanExtensions.cs" />
        <File uid="23" fullPath="C:\Users\rafael.garcia\Desktop\DotNetArchitecture\CrossCutting\Utils\Extensions\TypeExtensions.cs" />
        <File uid="24" fullPath="C:\Users\rafael.garcia\Desktop\DotNetArchitecture\CrossCutting\Utils\PagedList\Order.cs" />
        <File uid="25" fullPath="C:\Users\rafael.garcia\Desktop\DotNetArchitecture\CrossCutting\Utils\PagedList\Page.cs" />
        <File uid="26" fullPath="C:\Users\rafael.garcia\Desktop\DotNetArchitecture\CrossCutting\Utils\PagedList\PagedList.cs" />
        <File uid="28" fullPath="C:\Users\rafael.garcia\Desktop\DotNetArchitecture\CrossCutting\Utils\PagedList\PagedListParameters.cs" />
        <File uid="29" fullPath="C:\Users\rafael.garcia\Desktop\DotNetArchitecture\CrossCutting\Utils\Validation\RegularExpression.cs" />
        <File uid="30" fullPath="C:\Users\rafael.garcia\Desktop\DotNetArchitecture\CrossCutting\Utils\Validation\Validation.cs" />
        <File uid="32" fullPath="C:\Users\rafael.garcia\Desktop\DotNetArchitecture\CrossCutting\Utils\Exceptions\DomainException.cs" />
        <File uid="33" fullPath="C:\Users\rafael.garcia\Desktop\DotNetArchitecture\CrossCutting\Utils\Validation\ValidationResult.cs" />
      </Files>
      <Classes>
        <Class>
          <Summary numSequencePoints="10" visitedSequencePoints="0" numBranchPoints="9" visitedBranchPoints="0" sequenceCoverage="0" branchCoverage="0" maxCyclomaticComplexity="5" minCyclomaticComplexity="1" maxCrapScore="30" minCrapScore="2" visitedClasses="0" numClasses="1" visitedMethods="0" numMethods="3" />
          <FullName>Solution.CrossCutting.Utils.ClaimsPrincipalExtensions</FullName>
          <Methods>
            <Method visited="false" cyclomaticComplexity="1" nPathComplexity="0" sequenceCoverage="0" branchCoverage="0" crapScore="2" isConstructor="false" isStatic="true" isGetter="false" isSetter="false">
              <Summary numSequencePoints="4" visitedSequencePoints="0" numBranchPoints="1" visitedBranchPoints="0" sequenceCoverage="0" branchCoverage="0" maxCyclomaticComplexity="1" minCyclomaticComplexity="1" maxCrapScore="2" minCrapScore="2" visitedClasses="0" numClasses="0" visitedMethods="0" numMethods="1" />
              <MetadataToken>100663333</MetadataToken>
              <Name>System.Int64 Solution.CrossCutting.Utils.ClaimsPrincipalExtensions::GetAuthenticatedUserId(System.Security.Claims.ClaimsPrincipal)</Name>
              <FileRef uid="5" />
              <SequencePoints>
                <SequencePoint vc="0" uspid="31" ordinal="0" offset="0" sl="8" sc="3" el="8" ec="4" bec="0" bev="0" fileid="5" />
                <SequencePoint vc="0" uspid="32" ordinal="1" offset="1" sl="9" sc="4" el="9" ec="83" bec="0" bev="0" fileid="5" />
                <SequencePoint vc="0" uspid="33" ordinal="2" offset="15" sl="10" sc="4" el="10" ec="18" bec="0" bev="0" fileid="5" />
                <SequencePoint vc="0" uspid="34" ordinal="3" offset="19" sl="11" sc="3" el="11" ec="4" bec="0" bev="0" fileid="5" />
              </SequencePoints>
              <BranchPoints />
              <MethodPoint xsi:type="SequencePoint" vc="0" uspid="31" ordinal="0" offset="0" sl="8" sc="3" el="8" ec="4" bec="0" bev="0" fileid="5" />
            </Method>
            <Method visited="false" cyclomaticComplexity="3" nPathComplexity="2" sequenceCoverage="0" branchCoverage="0" crapScore="12" isConstructor="false" isStatic="true" isGetter="false" isSetter="false">
              <Summary numSequencePoints="3" visitedSequencePoints="0" numBranchPoints="3" visitedBranchPoints="0" sequenceCoverage="0" branchCoverage="0" maxCyclomaticComplexity="3" minCyclomaticComplexity="3" maxCrapScore="12" minCrapScore="12" visitedClasses="0" numClasses="0" visitedMethods="0" numMethods="1" />
              <MetadataToken>100663334</MetadataToken>
              <Name>System.Security.Claims.Claim Solution.CrossCutting.Utils.ClaimsPrincipalExtensions::GetClaim(System.Security.Claims.ClaimsPrincipal,System.String)</Name>
              <FileRef uid="5" />
              <SequencePoints>
                <SequencePoint vc="0" uspid="35" ordinal="0" offset="0" sl="14" sc="3" el="14" ec="4" bec="0" bev="0" fileid="5" />
                <SequencePoint vc="0" uspid="36" ordinal="1" offset="1" sl="15" sc="4" el="15" ec="49" bec="2" bev="0" fileid="5" />
                <SequencePoint vc="0" uspid="37" ordinal="2" offset="17" sl="16" sc="3" el="16" ec="4" bec="0" bev="0" fileid="5" />
              </SequencePoints>
              <BranchPoints>
                <BranchPoint vc="0" uspid="38" ordinal="0" offset="2" sl="15" path="0" offsetend="4" fileid="5" />
                <BranchPoint vc="0" uspid="39" ordinal="1" offset="2" sl="15" path="1" offsetend="7" fileid="5" />
              </BranchPoints>
              <MethodPoint xsi:type="SequencePoint" vc="0" uspid="35" ordinal="0" offset="0" sl="14" sc="3" el="14" ec="4" bec="0" bev="0" fileid="5" />
            </Method>
            <Method visited="false" cyclomaticComplexity="5" nPathComplexity="4" sequenceCoverage="0" branchCoverage="0" crapScore="30" isConstructor="false" isStatic="true" isGetter="false" isSetter="false">
              <Summary numSequencePoints="3" visitedSequencePoints="0" numBranchPoints="5" visitedBranchPoints="0" sequenceCoverage="0" branchCoverage="0" maxCyclomaticComplexity="5" minCyclomaticComplexity="5" maxCrapScore="30" minCrapScore="30" visitedClasses="0" numClasses="0" visitedMethods="0" numMethods="1" />
              <MetadataToken>100663335</MetadataToken>
              <Name>System.String Solution.CrossCutting.Utils.ClaimsPrincipalExtensions::GetClaimValueOfNameIdentifier(System.Security.Claims.ClaimsPrincipal)</Name>
              <FileRef uid="5" />
              <SequencePoints>
                <SequencePoint vc="0" uspid="40" ordinal="0" offset="0" sl="19" sc="3" el="19" ec="4" bec="0" bev="0" fileid="5" />
                <SequencePoint vc="0" uspid="41" ordinal="1" offset="1" sl="20" sc="4" el="20" ec="71" bec="4" bev="0" fileid="5" />
                <SequencePoint vc="0" uspid="42" ordinal="2" offset="33" sl="21" sc="3" el="21" ec="4" bec="0" bev="0" fileid="5" />
              </SequencePoints>
              <BranchPoints>
                <BranchPoint vc="0" uspid="43" ordinal="0" offset="2" sl="20" path="0" offsetend="4" fileid="5" />
                <BranchPoint vc="0" uspid="44" ordinal="1" offset="2" sl="20" path="1" offsetend="7" fileid="5" />
                <BranchPoint vc="0" uspid="45" ordinal="2" offset="19" sl="20" path="0" offsetend="21" fileid="5" />
                <BranchPoint vc="0" uspid="46" ordinal="3" offset="19" sl="20" path="1" offsetend="25" fileid="5" />
              </BranchPoints>
              <MethodPoint xsi:type="SequencePoint" vc="0" uspid="40" ordinal="0" offset="0" sl="19" sc="3" el="19" ec="4" bec="0" bev="0" fileid="5" />
            </Method>
          </Methods>
        </Class>
        <Class>
          <Summary numSequencePoints="39" visitedSequencePoints="0" numBranchPoints="20" visitedBranchPoints="0" sequenceCoverage="0" branchCoverage="0" maxCyclomaticComplexity="7" minCyclomaticComplexity="1" maxCrapScore="56" minCrapScore="2" visitedClasses="0" numClasses="1" visitedMethods="0" numMethods="4" />
          <FullName>Solution.CrossCutting.Utils.DateTimeExtensions</FullName>
          <Methods>
            <Method visited="false" cyclomaticComplexity="3" nPathComplexity="0" sequenceCoverage="0" branchCoverage="0" crapScore="12" isConstructor="false" isStatic="true" isGetter="false" isSetter="false">
              <Summary numSequencePoints="5" visitedSequencePoints="0" numBranchPoints="1" visitedBranchPoints="0" sequenceCoverage="0" branchCoverage="0" maxCyclomaticComplexity="3" minCyclomaticComplexity="3" maxCrapScore="12" minCrapScore="12" visitedClasses="0" numClasses="0" visitedMethods="0" numMethods="1" />
              <MetadataToken>100663336</MetadataToken>
              <Name>System.DateTime Solution.CrossCutting.Utils.DateTimeExtensions::NextDateTime(System.DateTime,System.DayOfWeek[],System.TimeSpan[])</Name>
              <FileRef uid="6" />
              <SequencePoints>
                <SequencePoint vc="0" uspid="47" ordinal="0" offset="13" sl="9" sc="3" el="9" ec="4" bec="0" bev="0" fileid="6" />
                <SequencePoint vc="0" uspid="48" ordinal="1" offset="14" sl="10" sc="4" el="10" ec="50" bec="0" bev="0" fileid="6" />
                <SequencePoint vc="0" uspid="49" ordinal="2" offset="58" sl="11" sc="4" el="11" ec="83" bec="0" bev="0" fileid="6" />
                <SequencePoint vc="0" uspid="50" ordinal="3" offset="82" sl="12" sc="4" el="12" ec="113" bec="0" bev="0" fileid="6" />
                <SequencePoint vc="0" uspid="51" ordinal="4" offset="146" sl="13" sc="3" el="13" ec="4" bec="0" bev="0" fileid="6" />
              </SequencePoints>
              <BranchPoints />
              <MethodPoint vc="0" uspid="56" ordinal="0" offset="0" />
            </Method>
            <Method visited="false" cyclomaticComplexity="1" nPathComplexity="0" sequenceCoverage="0" branchCoverage="0" crapScore="2" isConstructor="false" isStatic="true" isGetter="false" isSetter="false">
              <Summary numSequencePoints="3" visitedSequencePoints="0" numBranchPoints="1" visitedBranchPoints="0" sequenceCoverage="0" branchCoverage="0" maxCyclomaticComplexity="1" minCyclomaticComplexity="1" maxCrapScore="2" minCrapScore="2" visitedClasses="0" numClasses="0" visitedMethods="0" numMethods="1" />
              <MetadataToken>100663337</MetadataToken>
              <Name>System.DateTime Solution.CrossCutting.Utils.DateTimeExtensions::NextDateTime(System.DateTime,System.DayOfWeek[])</Name>
              <FileRef uid="6" />
              <SequencePoints>
                <SequencePoint vc="0" uspid="57" ordinal="0" offset="20" sl="16" sc="3" el="16" ec="4" bec="0" bev="0" fileid="6" />
                <SequencePoint vc="0" uspid="58" ordinal="1" offset="21" sl="17" sc="4" el="17" ec="106" bec="0" bev="0" fileid="6" />
                <SequencePoint vc="0" uspid="59" ordinal="2" offset="65" sl="18" sc="3" el="18" ec="4" bec="0" bev="0" fileid="6" />
              </SequencePoints>
              <BranchPoints />
              <MethodPoint vc="0" uspid="60" ordinal="0" offset="0" />
            </Method>
            <Method visited="false" cyclomaticComplexity="6" nPathComplexity="32" sequenceCoverage="0" branchCoverage="0" crapScore="42" isConstructor="false" isStatic="true" isGetter="false" isSetter="false">
              <Summary numSequencePoints="19" visitedSequencePoints="0" numBranchPoints="11" visitedBranchPoints="0" sequenceCoverage="0" branchCoverage="0" maxCyclomaticComplexity="6" minCyclomaticComplexity="6" maxCrapScore="42" minCrapScore="42" visitedClasses="0" numClasses="0" visitedMethods="0" numMethods="1" />
              <MetadataToken>100663338</MetadataToken>
              <Name>System.DateTime Solution.CrossCutting.Utils.DateTimeExtensions::SetTime(System.DateTime,System.String)</Name>
              <FileRef uid="6" />
              <SequencePoints>
                <SequencePoint vc="0" uspid="61" ordinal="0" offset="0" sl="21" sc="3" el="21" ec="4" bec="0" bev="0" fileid="6" />
                <SequencePoint vc="0" uspid="62" ordinal="1" offset="1" sl="22" sc="4" el="22" ec="40" bec="2" bev="0" fileid="6" />
                <SequencePoint vc="0" uspid="63" ordinal="2" offset="13" sl="22" sc="41" el="22" ec="42" bec="0" bev="0" fileid="6" />
                <SequencePoint vc="0" uspid="64" ordinal="3" offset="14" sl="22" sc="43" el="22" ec="59" bec="0" bev="0" fileid="6" />
                <SequencePoint vc="0" uspid="65" ordinal="4" offset="19" sl="23" sc="4" el="23" ec="32" bec="0" bev="0" fileid="6" />
                <SequencePoint vc="0" uspid="66" ordinal="5" offset="37" sl="24" sc="4" el="24" ec="25" bec="2" bev="0" fileid="6" />
                <SequencePoint vc="0" uspid="67" ordinal="6" offset="49" sl="24" sc="26" el="24" ec="27" bec="0" bev="0" fileid="6" />
                <SequencePoint vc="0" uspid="68" ordinal="7" offset="50" sl="24" sc="28" el="24" ec="44" bec="0" bev="0" fileid="6" />
                <SequencePoint vc="0" uspid="69" ordinal="8" offset="55" sl="25" sc="4" el="25" ec="47" bec="2" bev="0" fileid="6" />
                <SequencePoint vc="0" uspid="70" ordinal="9" offset="74" sl="25" sc="48" el="25" ec="49" bec="0" bev="0" fileid="6" />
                <SequencePoint vc="0" uspid="71" ordinal="10" offset="75" sl="25" sc="50" el="25" ec="66" bec="0" bev="0" fileid="6" />
                <SequencePoint vc="0" uspid="72" ordinal="11" offset="80" sl="26" sc="4" el="26" ec="49" bec="2" bev="0" fileid="6" />
                <SequencePoint vc="0" uspid="73" ordinal="12" offset="99" sl="26" sc="50" el="26" ec="51" bec="0" bev="0" fileid="6" />
                <SequencePoint vc="0" uspid="74" ordinal="13" offset="100" sl="26" sc="52" el="26" ec="68" bec="0" bev="0" fileid="6" />
                <SequencePoint vc="0" uspid="75" ordinal="14" offset="105" sl="27" sc="4" el="27" ec="49" bec="2" bev="0" fileid="6" />
                <SequencePoint vc="0" uspid="76" ordinal="15" offset="124" sl="27" sc="50" el="27" ec="51" bec="0" bev="0" fileid="6" />
                <SequencePoint vc="0" uspid="77" ordinal="16" offset="125" sl="27" sc="52" el="27" ec="68" bec="0" bev="0" fileid="6" />
                <SequencePoint vc="0" uspid="78" ordinal="17" offset="130" sl="28" sc="4" el="28" ec="54" bec="0" bev="0" fileid="6" />
                <SequencePoint vc="0" uspid="79" ordinal="18" offset="143" sl="29" sc="3" el="29" ec="4" bec="0" bev="0" fileid="6" />
              </SequencePoints>
              <BranchPoints>
                <BranchPoint vc="0" uspid="80" ordinal="0" offset="11" sl="22" path="0" offsetend="13" fileid="6" />
                <BranchPoint vc="0" uspid="81" ordinal="1" offset="11" sl="22" path="1" offsetend="19" fileid="6" />
                <BranchPoint vc="0" uspid="82" ordinal="2" offset="47" sl="24" path="0" offsetend="49" fileid="6" />
                <BranchPoint vc="0" uspid="83" ordinal="3" offset="47" sl="24" path="1" offsetend="55" fileid="6" />
                <BranchPoint vc="0" uspid="84" ordinal="4" offset="72" sl="25" path="0" offsetend="74" fileid="6" />
                <BranchPoint vc="0" uspid="85" ordinal="5" offset="72" sl="25" path="1" offsetend="80" fileid="6" />
                <BranchPoint vc="0" uspid="86" ordinal="6" offset="97" sl="26" path="0" offsetend="99" fileid="6" />
                <BranchPoint vc="0" uspid="87" ordinal="7" offset="97" sl="26" path="1" offsetend="105" fileid="6" />
                <BranchPoint vc="0" uspid="88" ordinal="8" offset="122" sl="27" path="0" offsetend="124" fileid="6" />
                <BranchPoint vc="0" uspid="89" ordinal="9" offset="122" sl="27" path="1" offsetend="130" fileid="6" />
              </BranchPoints>
              <MethodPoint xsi:type="SequencePoint" vc="0" uspid="61" ordinal="0" offset="0" sl="21" sc="3" el="21" ec="4" bec="0" bev="0" fileid="6" />
            </Method>
            <Method visited="false" cyclomaticComplexity="7" nPathComplexity="8" sequenceCoverage="0" branchCoverage="0" crapScore="56" isConstructor="false" isStatic="true" isGetter="false" isSetter="false">
              <Summary numSequencePoints="12" visitedSequencePoints="0" numBranchPoints="7" visitedBranchPoints="0" sequenceCoverage="0" branchCoverage="0" maxCyclomaticComplexity="7" minCyclomaticComplexity="7" maxCrapScore="56" minCrapScore="56" visitedClasses="0" numClasses="0" visitedMethods="0" numMethods="1" />
              <MetadataToken>100663339</MetadataToken>
              <Name>System.DateTime Solution.CrossCutting.Utils.DateTimeExtensions::SetTime(System.DateTime,System.Int32,System.Int32,System.Int32)</Name>
              <FileRef uid="6" />
              <SequencePoints>
                <SequencePoint vc="0" uspid="90" ordinal="0" offset="0" sl="32" sc="3" el="32" ec="4" bec="0" bev="0" fileid="6" />
                <SequencePoint vc="0" uspid="91" ordinal="1" offset="1" sl="33" sc="4" el="33" ec="32" bec="2" bev="0" fileid="6" />
                <SequencePoint vc="0" uspid="92" ordinal="2" offset="17" sl="33" sc="33" el="33" ec="34" bec="0" bev="0" fileid="6" />
                <SequencePoint vc="0" uspid="93" ordinal="3" offset="18" sl="33" sc="35" el="33" ec="51" bec="0" bev="0" fileid="6" />
                <SequencePoint vc="0" uspid="94" ordinal="4" offset="22" sl="34" sc="4" el="34" ec="36" bec="2" bev="0" fileid="6" />
                <SequencePoint vc="0" uspid="95" ordinal="5" offset="38" sl="34" sc="37" el="34" ec="38" bec="0" bev="0" fileid="6" />
                <SequencePoint vc="0" uspid="96" ordinal="6" offset="39" sl="34" sc="39" el="34" ec="55" bec="0" bev="0" fileid="6" />
                <SequencePoint vc="0" uspid="97" ordinal="7" offset="43" sl="35" sc="4" el="35" ec="36" bec="2" bev="0" fileid="6" />
                <SequencePoint vc="0" uspid="98" ordinal="8" offset="59" sl="35" sc="37" el="35" ec="38" bec="0" bev="0" fileid="6" />
                <SequencePoint vc="0" uspid="99" ordinal="9" offset="60" sl="35" sc="39" el="35" ec="55" bec="0" bev="0" fileid="6" />
                <SequencePoint vc="0" uspid="100" ordinal="10" offset="64" sl="36" sc="4" el="36" ec="65" bec="0" bev="0" fileid="6" />
                <SequencePoint vc="0" uspid="101" ordinal="11" offset="87" sl="37" sc="3" el="37" ec="4" bec="0" bev="0" fileid="6" />
              </SequencePoints>
              <BranchPoints>
                <BranchPoint vc="0" uspid="104" ordinal="2" offset="15" sl="33" path="0" offsetend="17" fileid="6" />
                <BranchPoint vc="0" uspid="105" ordinal="3" offset="15" sl="33" path="1" offsetend="22" fileid="6" />
                <BranchPoint vc="0" uspid="108" ordinal="6" offset="36" sl="34" path="0" offsetend="38" fileid="6" />
                <BranchPoint vc="0" uspid="109" ordinal="7" offset="36" sl="34" path="1" offsetend="43" fileid="6" />
                <BranchPoint vc="0" uspid="112" ordinal="10" offset="57" sl="35" path="0" offsetend="59" fileid="6" />
                <BranchPoint vc="0" uspid="113" ordinal="11" offset="57" sl="35" path="1" offsetend="64" fileid="6" />
              </BranchPoints>
              <MethodPoint xsi:type="SequencePoint" vc="0" uspid="90" ordinal="0" offset="0" sl="32" sc="3" el="32" ec="4" bec="0" bev="0" fileid="6" />
            </Method>
          </Methods>
        </Class>
        <Class>
          <Summary numSequencePoints="1" visitedSequencePoints="0" numBranchPoints="1" visitedBranchPoints="0" sequenceCoverage="0" branchCoverage="0" maxCyclomaticComplexity="1" minCyclomaticComplexity="1" maxCrapScore="2" minCrapScore="2" visitedClasses="0" numClasses="1" visitedMethods="0" numMethods="1" />
          <FullName>Solution.CrossCutting.Utils.DateTimeExtensions/&lt;&gt;c__DisplayClass0_0</FullName>
          <Methods>
            <Method visited="false" cyclomaticComplexity="1" nPathComplexity="0" sequenceCoverage="0" branchCoverage="0" crapScore="2" isConstructor="true" isStatic="false" isGetter="false" isSetter="false">
              <Summary numSequencePoints="0" visitedSequencePoints="0" numBranchPoints="0" visitedBranchPoints="0" sequenceCoverage="0" branchCoverage="0" maxCyclomaticComplexity="1" minCyclomaticComplexity="1" maxCrapScore="2" minCrapScore="2" visitedClasses="0" numClasses="0" visitedMethods="0" numMethods="0" />
              <MetadataToken>100663385</MetadataToken>
              <Name>System.Void Solution.CrossCutting.Utils.DateTimeExtensions/&lt;&gt;c__DisplayClass0_0::.ctor()</Name>
              <SequencePoints />
              <BranchPoints />
              <MethodPoint vc="0" uspid="114" ordinal="0" offset="0" />
            </Method>
            <Method visited="false" cyclomaticComplexity="1" nPathComplexity="0" sequenceCoverage="0" branchCoverage="0" crapScore="2" isConstructor="false" isStatic="false" isGetter="false" isSetter="false">
              <Summary numSequencePoints="1" visitedSequencePoints="0" numBranchPoints="1" visitedBranchPoints="0" sequenceCoverage="0" branchCoverage="0" maxCyclomaticComplexity="1" minCyclomaticComplexity="1" maxCrapScore="2" minCrapScore="2" visitedClasses="0" numClasses="0" visitedMethods="0" numMethods="1" />
              <MetadataToken>100663386</MetadataToken>
              <Name>System.Boolean Solution.CrossCutting.Utils.DateTimeExtensions/&lt;&gt;c__DisplayClass0_0::&lt;NextDateTime&gt;b__1(System.TimeSpan)</Name>
              <FileRef uid="6" />
              <SequencePoints>
                <SequencePoint vc="0" uspid="115" ordinal="0" offset="0" sl="11" sc="37" el="11" ec="71" bec="0" bev="0" fileid="6" />
              </SequencePoints>
              <BranchPoints />
              <MethodPoint xsi:type="SequencePoint" vc="0" uspid="115" ordinal="0" offset="0" sl="11" sc="37" el="11" ec="71" bec="0" bev="0" fileid="6" />
            </Method>
          </Methods>
        </Class>
        <Class>
          <Summary numSequencePoints="1" visitedSequencePoints="0" numBranchPoints="1" visitedBranchPoints="0" sequenceCoverage="0" branchCoverage="0" maxCyclomaticComplexity="1" minCyclomaticComplexity="1" maxCrapScore="2" minCrapScore="2" visitedClasses="0" numClasses="1" visitedMethods="0" numMethods="1" />
          <FullName>Solution.CrossCutting.Utils.DateTimeExtensions/&lt;&gt;c</FullName>
          <Methods>
            <Method visited="false" cyclomaticComplexity="1" nPathComplexity="0" sequenceCoverage="0" branchCoverage="0" crapScore="2" isConstructor="true" isStatic="true" isGetter="false" isSetter="false">
              <Summary numSequencePoints="0" visitedSequencePoints="0" numBranchPoints="0" visitedBranchPoints="0" sequenceCoverage="0" branchCoverage="0" maxCyclomaticComplexity="1" minCyclomaticComplexity="1" maxCrapScore="2" minCrapScore="2" visitedClasses="0" numClasses="0" visitedMethods="0" numMethods="0" />
              <MetadataToken>100663387</MetadataToken>
              <Name>System.Void Solution.CrossCutting.Utils.DateTimeExtensions/&lt;&gt;c::.cctor()</Name>
              <SequencePoints />
              <BranchPoints />
              <MethodPoint vc="0" uspid="116" ordinal="0" offset="0" />
            </Method>
            <Method visited="false" cyclomaticComplexity="1" nPathComplexity="0" sequenceCoverage="0" branchCoverage="0" crapScore="2" isConstructor="true" isStatic="false" isGetter="false" isSetter="false">
              <Summary numSequencePoints="0" visitedSequencePoints="0" numBranchPoints="0" visitedBranchPoints="0" sequenceCoverage="0" branchCoverage="0" maxCyclomaticComplexity="1" minCyclomaticComplexity="1" maxCrapScore="2" minCrapScore="2" visitedClasses="0" numClasses="0" visitedMethods="0" numMethods="0" />
              <MetadataToken>100663388</MetadataToken>
              <Name>System.Void Solution.CrossCutting.Utils.DateTimeExtensions/&lt;&gt;c::.ctor()</Name>
              <SequencePoints />
              <BranchPoints />
              <MethodPoint vc="0" uspid="117" ordinal="0" offset="0" />
            </Method>
            <Method visited="false" cyclomaticComplexity="1" nPathComplexity="0" sequenceCoverage="0" branchCoverage="0" crapScore="2" isConstructor="false" isStatic="false" isGetter="false" isSetter="false">
              <Summary numSequencePoints="1" visitedSequencePoints="0" numBranchPoints="1" visitedBranchPoints="0" sequenceCoverage="0" branchCoverage="0" maxCyclomaticComplexity="1" minCyclomaticComplexity="1" maxCrapScore="2" minCrapScore="2" visitedClasses="0" numClasses="0" visitedMethods="0" numMethods="1" />
              <MetadataToken>100663389</MetadataToken>
              <Name>System.Int32 Solution.CrossCutting.Utils.DateTimeExtensions/&lt;&gt;c::&lt;NextDateTime&gt;b__0_0(System.TimeSpan)</Name>
              <FileRef uid="6" />
              <SequencePoints>
                <SequencePoint vc="0" uspid="118" ordinal="0" offset="0" sl="10" sc="31" el="10" ec="38" bec="0" bev="0" fileid="6" />
              </SequencePoints>
              <BranchPoints />
              <MethodPoint xsi:type="SequencePoint" vc="0" uspid="118" ordinal="0" offset="0" sl="10" sc="31" el="10" ec="38" bec="0" bev="0" fileid="6" />
            </Method>
          </Methods>
        </Class>
        <Class>
          <Summary numSequencePoints="2" visitedSequencePoints="0" numBranchPoints="2" visitedBranchPoints="0" sequenceCoverage="0" branchCoverage="0" maxCyclomaticComplexity="1" minCyclomaticComplexity="1" maxCrapScore="2" minCrapScore="2" visitedClasses="0" numClasses="1" visitedMethods="0" numMethods="2" />
          <FullName>Solution.CrossCutting.Utils.DateTimeExtensions/&lt;&gt;c__DisplayClass1_0</FullName>
          <Methods>
            <Method visited="false" cyclomaticComplexity="1" nPathComplexity="0" sequenceCoverage="0" branchCoverage="0" crapScore="2" isConstructor="true" isStatic="false" isGetter="false" isSetter="false">
              <Summary numSequencePoints="0" visitedSequencePoints="0" numBranchPoints="0" visitedBranchPoints="0" sequenceCoverage="0" branchCoverage="0" maxCyclomaticComplexity="1" minCyclomaticComplexity="1" maxCrapScore="2" minCrapScore="2" visitedClasses="0" numClasses="0" visitedMethods="0" numMethods="0" />
              <MetadataToken>100663390</MetadataToken>
              <Name>System.Void Solution.CrossCutting.Utils.DateTimeExtensions/&lt;&gt;c__DisplayClass1_0::.ctor()</Name>
              <SequencePoints />
              <BranchPoints />
              <MethodPoint vc="0" uspid="119" ordinal="0" offset="0" />
            </Method>
            <Method visited="false" cyclomaticComplexity="1" nPathComplexity="0" sequenceCoverage="0" branchCoverage="0" crapScore="2" isConstructor="false" isStatic="false" isGetter="false" isSetter="false">
              <Summary numSequencePoints="1" visitedSequencePoints="0" numBranchPoints="1" visitedBranchPoints="0" sequenceCoverage="0" branchCoverage="0" maxCyclomaticComplexity="1" minCyclomaticComplexity="1" maxCrapScore="2" minCrapScore="2" visitedClasses="0" numClasses="0" visitedMethods="0" numMethods="1" />
              <MetadataToken>100663391</MetadataToken>
              <Name>System.DateTime Solution.CrossCutting.Utils.DateTimeExtensions/&lt;&gt;c__DisplayClass1_0::&lt;NextDateTime&gt;b__0(System.Int32)</Name>
              <FileRef uid="6" />
              <SequencePoints>
                <SequencePoint vc="0" uspid="120" ordinal="0" offset="0" sl="17" sc="46" el="17" ec="65" bec="0" bev="0" fileid="6" />
              </SequencePoints>
              <BranchPoints />
              <MethodPoint xsi:type="SequencePoint" vc="0" uspid="120" ordinal="0" offset="0" sl="17" sc="46" el="17" ec="65" bec="0" bev="0" fileid="6" />
            </Method>
            <Method visited="false" cyclomaticComplexity="1" nPathComplexity="0" sequenceCoverage="0" branchCoverage="0" crapScore="2" isConstructor="false" isStatic="false" isGetter="false" isSetter="false">
              <Summary numSequencePoints="1" visitedSequencePoints="0" numBranchPoints="1" visitedBranchPoints="0" sequenceCoverage="0" branchCoverage="0" maxCyclomaticComplexity="1" minCyclomaticComplexity="1" maxCrapScore="2" minCrapScore="2" visitedClasses="0" numClasses="0" visitedMethods="0" numMethods="1" />
              <MetadataToken>100663392</MetadataToken>
              <Name>System.Boolean Solution.CrossCutting.Utils.DateTimeExtensions/&lt;&gt;c__DisplayClass1_0::&lt;NextDateTime&gt;b__1(System.DateTime)</Name>
              <FileRef uid="6" />
              <SequencePoints>
                <SequencePoint vc="0" uspid="121" ordinal="0" offset="0" sl="17" sc="78" el="17" ec="104" bec="0" bev="0" fileid="6" />
              </SequencePoints>
              <BranchPoints />
              <MethodPoint xsi:type="SequencePoint" vc="0" uspid="121" ordinal="0" offset="0" sl="17" sc="78" el="17" ec="104" bec="0" bev="0" fileid="6" />
            </Method>
          </Methods>
        </Class>
        <Class>
          <Summary numSequencePoints="3" visitedSequencePoints="0" numBranchPoints="3" visitedBranchPoints="0" sequenceCoverage="0" branchCoverage="0" maxCyclomaticComplexity="2" minCyclomaticComplexity="2" maxCrapScore="6" minCrapScore="6" visitedClasses="0" numClasses="1" visitedMethods="0" numMethods="1" />
          <FullName>Solution.CrossCutting.Utils.EnumerableExtensions</FullName>
          <Methods>
            <Method visited="false" cyclomaticComplexity="2" nPathComplexity="2" sequenceCoverage="0" branchCoverage="0" crapScore="6" isConstructor="false" isStatic="true" isGetter="false" isSetter="false">
              <Summary numSequencePoints="3" visitedSequencePoints="0" numBranchPoints="3" visitedBranchPoints="0" sequenceCoverage="0" branchCoverage="0" maxCyclomaticComplexity="2" minCyclomaticComplexity="2" maxCrapScore="6" minCrapScore="6" visitedClasses="0" numClasses="0" visitedMethods="0" numMethods="1" />
              <MetadataToken>100663340</MetadataToken>
              <Name>System.Collections.Generic.IEnumerable`1&lt;T&gt; Solution.CrossCutting.Utils.EnumerableExtensions::EmptyIfNull(System.Collections.Generic.IEnumerable`1&lt;T&gt;)</Name>
              <FileRef uid="10" />
              <SequencePoints>
                <SequencePoint vc="0" uspid="122" ordinal="0" offset="0" sl="9" sc="3" el="9" ec="4" bec="0" bev="0" fileid="10" />
                <SequencePoint vc="0" uspid="123" ordinal="1" offset="1" sl="10" sc="4" el="10" ec="47" bec="2" bev="0" fileid="10" />
                <SequencePoint vc="0" uspid="124" ordinal="2" offset="14" sl="11" sc="3" el="11" ec="4" bec="0" bev="0" fileid="10" />
              </SequencePoints>
              <BranchPoints>
                <BranchPoint vc="0" uspid="125" ordinal="0" offset="3" sl="10" path="0" offsetend="5" fileid="10" />
                <BranchPoint vc="0" uspid="126" ordinal="1" offset="3" sl="10" path="1" offsetend="11" fileid="10" />
              </BranchPoints>
              <MethodPoint xsi:type="SequencePoint" vc="0" uspid="122" ordinal="0" offset="0" sl="9" sc="3" el="9" ec="4" bec="0" bev="0" fileid="10" />
            </Method>
          </Methods>
        </Class>
        <Class>
          <Summary numSequencePoints="15" visitedSequencePoints="0" numBranchPoints="8" visitedBranchPoints="0" sequenceCoverage="0" branchCoverage="0" maxCyclomaticComplexity="3" minCyclomaticComplexity="2" maxCrapScore="12" minCrapScore="6" visitedClasses="0" numClasses="1" visitedMethods="0" numMethods="2" />
          <FullName>Solution.CrossCutting.Utils.EnumExtensions</FullName>
          <Methods>
            <Method visited="false" cyclomaticComplexity="3" nPathComplexity="4" sequenceCoverage="0" branchCoverage="0" crapScore="12" isConstructor="false" isStatic="true" isGetter="false" isSetter="false">
              <Summary numSequencePoints="7" visitedSequencePoints="0" numBranchPoints="5" visitedBranchPoints="0" sequenceCoverage="0" branchCoverage="0" maxCyclomaticComplexity="3" minCyclomaticComplexity="3" maxCrapScore="12" minCrapScore="12" visitedClasses="0" numClasses="0" visitedMethods="0" numMethods="1" />
              <MetadataToken>100663341</MetadataToken>
              <Name>System.String Solution.CrossCutting.Utils.EnumExtensions::GetDescription(System.Enum)</Name>
              <FileRef uid="11" />
              <SequencePoints>
                <SequencePoint vc="0" uspid="127" ordinal="0" offset="0" sl="9" sc="3" el="9" ec="4" bec="0" bev="0" fileid="11" />
                <SequencePoint vc="0" uspid="128" ordinal="1" offset="1" sl="10" sc="4" el="10" ec="22" bec="2" bev="0" fileid="11" />
                <SequencePoint vc="0" uspid="129" ordinal="2" offset="9" sl="10" sc="23" el="10" ec="24" bec="0" bev="0" fileid="11" />
                <SequencePoint vc="0" uspid="130" ordinal="3" offset="10" sl="10" sc="25" el="10" ec="45" bec="0" bev="0" fileid="11" />
                <SequencePoint vc="0" uspid="131" ordinal="4" offset="18" sl="11" sc="4" el="11" ec="63" bec="0" bev="0" fileid="11" />
                <SequencePoint vc="0" uspid="132" ordinal="5" offset="25" sl="12" sc="4" el="12" ec="72" bec="2" bev="0" fileid="11" />
                <SequencePoint vc="0" uspid="133" ordinal="6" offset="45" sl="13" sc="3" el="13" ec="4" bec="0" bev="0" fileid="11" />
              </SequencePoints>
              <BranchPoints>
                <BranchPoint vc="0" uspid="134" ordinal="0" offset="7" sl="10" path="0" offsetend="9" fileid="11" />
                <BranchPoint vc="0" uspid="135" ordinal="1" offset="7" sl="10" path="1" offsetend="18" fileid="11" />
                <BranchPoint vc="0" uspid="136" ordinal="2" offset="26" sl="12" path="0" offsetend="28" fileid="11" />
                <BranchPoint vc="0" uspid="137" ordinal="3" offset="26" sl="12" path="1" offsetend="36" fileid="11" />
              </BranchPoints>
              <MethodPoint xsi:type="SequencePoint" vc="0" uspid="127" ordinal="0" offset="0" sl="9" sc="3" el="9" ec="4" bec="0" bev="0" fileid="11" />
            </Method>
            <Method visited="false" cyclomaticComplexity="2" nPathComplexity="2" sequenceCoverage="0" branchCoverage="0" crapScore="6" isConstructor="false" isStatic="true" isGetter="false" isSetter="false">
              <Summary numSequencePoints="8" visitedSequencePoints="0" numBranchPoints="3" visitedBranchPoints="0" sequenceCoverage="0" branchCoverage="0" maxCyclomaticComplexity="2" minCyclomaticComplexity="2" maxCrapScore="6" minCrapScore="6" visitedClasses="0" numClasses="0" visitedMethods="0" numMethods="1" />
              <MetadataToken>100663342</MetadataToken>
              <Name>T Solution.CrossCutting.Utils.EnumExtensions::GetAttribute(System.Enum)</Name>
              <FileRef uid="11" />
              <SequencePoints>
                <SequencePoint vc="0" uspid="138" ordinal="0" offset="0" sl="16" sc="3" el="16" ec="4" bec="0" bev="0" fileid="11" />
                <SequencePoint vc="0" uspid="139" ordinal="1" offset="1" sl="17" sc="4" el="17" ec="22" bec="2" bev="0" fileid="11" />
                <SequencePoint vc="0" uspid="140" ordinal="2" offset="9" sl="17" sc="23" el="17" ec="24" bec="0" bev="0" fileid="11" />
                <SequencePoint vc="0" uspid="141" ordinal="3" offset="10" sl="17" sc="25" el="17" ec="37" bec="0" bev="0" fileid="11" />
                <SequencePoint vc="0" uspid="142" ordinal="4" offset="23" sl="18" sc="4" el="18" ec="65" bec="0" bev="0" fileid="11" />
                <SequencePoint vc="0" uspid="143" ordinal="5" offset="41" sl="19" sc="4" el="19" ec="73" bec="0" bev="0" fileid="11" />
                <SequencePoint vc="0" uspid="144" ordinal="6" offset="61" sl="20" sc="4" el="20" ec="28" bec="0" bev="0" fileid="11" />
                <SequencePoint vc="0" uspid="145" ordinal="7" offset="73" sl="21" sc="3" el="21" ec="4" bec="0" bev="0" fileid="11" />
              </SequencePoints>
              <BranchPoints>
                <BranchPoint vc="0" uspid="146" ordinal="0" offset="7" sl="17" path="0" offsetend="9" fileid="11" />
                <BranchPoint vc="0" uspid="147" ordinal="1" offset="7" sl="17" path="1" offsetend="23" fileid="11" />
              </BranchPoints>
              <MethodPoint xsi:type="SequencePoint" vc="0" uspid="138" ordinal="0" offset="0" sl="16" sc="3" el="16" ec="4" bec="0" bev="0" fileid="11" />
            </Method>
          </Methods>
        </Class>
        <Class>
          <Summary numSequencePoints="11" visitedSequencePoints="7" numBranchPoints="3" visitedBranchPoints="2" sequenceCoverage="63.64" branchCoverage="66.67" maxCyclomaticComplexity="2" minCyclomaticComplexity="2" maxCrapScore="2.19" minCrapScore="2.19" visitedClasses="1" numClasses="1" visitedMethods="1" numMethods="1" />
          <FullName>Solution.CrossCutting.Utils.ExceptionExtensions</FullName>
          <Methods>
            <Method visited="true" cyclomaticComplexity="2" nPathComplexity="2" sequenceCoverage="63.64" branchCoverage="66.67" crapScore="2.19" isConstructor="false" isStatic="true" isGetter="false" isSetter="false">
              <Summary numSequencePoints="11" visitedSequencePoints="7" numBranchPoints="3" visitedBranchPoints="2" sequenceCoverage="63.64" branchCoverage="66.67" maxCyclomaticComplexity="2" minCyclomaticComplexity="2" maxCrapScore="2.19" minCrapScore="2.19" visitedClasses="0" numClasses="0" visitedMethods="1" numMethods="1" />
              <MetadataToken>100663343</MetadataToken>
              <Name>System.String Solution.CrossCutting.Utils.ExceptionExtensions::GetDetail(System.Exception)</Name>
              <FileRef uid="12" />
              <SequencePoints>
                <SequencePoint vc="1" uspid="148" ordinal="0" offset="0" sl="10" sc="3" el="10" ec="4" bec="0" bev="0" fileid="12">
                  <TrackedMethodRefs>
                    <TrackedMethodRef uid="7" vc="1" />
                  </TrackedMethodRefs>
                </SequencePoint>
                <SequencePoint vc="1" uspid="149" ordinal="1" offset="1" sl="11" sc="4" el="11" ec="33" bec="0" bev="0" fileid="12">
                  <TrackedMethodRefs>
                    <TrackedMethodRef uid="7" vc="1" />
                  </TrackedMethodRefs>
                </SequencePoint>
                <SequencePoint vc="1" uspid="150" ordinal="2" offset="7" sl="13" sc="4" el="13" ec="48" bec="0" bev="0" fileid="12">
                  <TrackedMethodRefs>
                    <TrackedMethodRef uid="7" vc="1" />
                  </TrackedMethodRefs>
                </SequencePoint>
                <SequencePoint vc="1" uspid="151" ordinal="3" offset="30" sl="15" sc="4" el="15" ec="65" bec="0" bev="0" fileid="12">
                  <TrackedMethodRefs>
                    <TrackedMethodRef uid="7" vc="1" />
                  </TrackedMethodRefs>
                </SequencePoint>
                <SequencePoint vc="1" uspid="152" ordinal="4" offset="44" sl="17" sc="4" el="17" ec="27" bec="2" bev="1" fileid="12">
                  <TrackedMethodRefs>
                    <TrackedMethodRef uid="7" vc="1" />
                  </TrackedMethodRefs>
                </SequencePoint>
                <SequencePoint vc="0" uspid="153" ordinal="5" offset="52" sl="18" sc="4" el="18" ec="5" bec="0" bev="0" fileid="12" />
                <SequencePoint vc="0" uspid="154" ordinal="6" offset="53" sl="19" sc="5" el="19" ec="67" bec="0" bev="0" fileid="12" />
                <SequencePoint vc="0" uspid="155" ordinal="7" offset="81" sl="20" sc="5" el="20" ec="59" bec="0" bev="0" fileid="12" />
                <SequencePoint vc="0" uspid="156" ordinal="8" offset="109" sl="21" sc="4" el="21" ec="5" bec="0" bev="0" fileid="12" />
                <SequencePoint vc="1" uspid="157" ordinal="9" offset="110" sl="23" sc="4" el="23" ec="25" bec="0" bev="0" fileid="12">
                  <TrackedMethodRefs>
                    <TrackedMethodRef uid="7" vc="1" />
                  </TrackedMethodRefs>
                </SequencePoint>
                <SequencePoint vc="1" uspid="158" ordinal="10" offset="119" sl="24" sc="3" el="24" ec="4" bec="0" bev="0" fileid="12">
                  <TrackedMethodRefs>
                    <TrackedMethodRef uid="7" vc="1" />
                  </TrackedMethodRefs>
                </SequencePoint>
              </SequencePoints>
              <BranchPoints>
                <BranchPoint vc="0" uspid="159" ordinal="0" offset="50" sl="17" path="0" offsetend="52" fileid="12" />
                <BranchPoint vc="1" uspid="160" ordinal="1" offset="50" sl="17" path="1" offsetend="110" fileid="12">
                  <TrackedMethodRefs>
                    <TrackedMethodRef uid="7" vc="1" />
                  </TrackedMethodRefs>
                </BranchPoint>
              </BranchPoints>
              <MethodPoint xsi:type="SequencePoint" vc="1" uspid="148" ordinal="0" offset="0" sl="10" sc="3" el="10" ec="4" bec="0" bev="0" fileid="12">
                <TrackedMethodRefs>
                  <TrackedMethodRef uid="7" vc="1" />
                </TrackedMethodRefs>
              </MethodPoint>
            </Method>
          </Methods>
        </Class>
        <Class>
          <Summary numSequencePoints="3" visitedSequencePoints="0" numBranchPoints="3" visitedBranchPoints="0" sequenceCoverage="0" branchCoverage="0" maxCyclomaticComplexity="6" minCyclomaticComplexity="6" maxCrapScore="42" minCrapScore="42" visitedClasses="0" numClasses="1" visitedMethods="0" numMethods="1" />
          <FullName>Solution.CrossCutting.Utils.PropertyInfoExtensions</FullName>
          <Methods>
            <Method visited="false" cyclomaticComplexity="6" nPathComplexity="2" sequenceCoverage="0" branchCoverage="0" crapScore="42" isConstructor="false" isStatic="true" isGetter="false" isSetter="false">
              <Summary numSequencePoints="3" visitedSequencePoints="0" numBranchPoints="3" visitedBranchPoints="0" sequenceCoverage="0" branchCoverage="0" maxCyclomaticComplexity="6" minCyclomaticComplexity="6" maxCrapScore="42" minCrapScore="42" visitedClasses="0" numClasses="0" visitedMethods="0" numMethods="1" />
              <MetadataToken>100663344</MetadataToken>
              <Name>System.Collections.IDictionary Solution.CrossCutting.Utils.PropertyInfoExtensions::ToDictionary(System.Collections.Generic.IEnumerable`1&lt;System.Reflection.PropertyInfo&gt;)</Name>
              <FileRef uid="13" />
              <SequencePoints>
                <SequencePoint vc="0" uspid="161" ordinal="0" offset="0" sl="11" sc="3" el="11" ec="4" bec="0" bev="0" fileid="13" />
                <SequencePoint vc="0" uspid="162" ordinal="1" offset="1" sl="12" sc="4" el="14" ec="105" bec="2" bev="0" fileid="13" />
                <SequencePoint vc="0" uspid="163" ordinal="2" offset="114" sl="15" sc="3" el="15" ec="4" bec="0" bev="0" fileid="13" />
              </SequencePoints>
              <BranchPoints>
                <BranchPoint vc="0" uspid="164" ordinal="0" offset="2" sl="12" path="0" offsetend="4" fileid="13" />
                <BranchPoint vc="0" uspid="165" ordinal="1" offset="2" sl="12" path="1" offsetend="7" fileid="13" />
              </BranchPoints>
              <MethodPoint xsi:type="SequencePoint" vc="0" uspid="161" ordinal="0" offset="0" sl="11" sc="3" el="11" ec="4" bec="0" bev="0" fileid="13" />
            </Method>
          </Methods>
        </Class>
        <Class>
          <Summary numSequencePoints="3" visitedSequencePoints="0" numBranchPoints="3" visitedBranchPoints="0" sequenceCoverage="0" branchCoverage="0" maxCyclomaticComplexity="1" minCyclomaticComplexity="1" maxCrapScore="2" minCrapScore="2" visitedClasses="0" numClasses="1" visitedMethods="0" numMethods="3" />
          <FullName>Solution.CrossCutting.Utils.PropertyInfoExtensions/&lt;&gt;c</FullName>
          <Methods>
            <Method visited="false" cyclomaticComplexity="1" nPathComplexity="0" sequenceCoverage="0" branchCoverage="0" crapScore="2" isConstructor="true" isStatic="true" isGetter="false" isSetter="false">
              <Summary numSequencePoints="0" visitedSequencePoints="0" numBranchPoints="0" visitedBranchPoints="0" sequenceCoverage="0" branchCoverage="0" maxCyclomaticComplexity="1" minCyclomaticComplexity="1" maxCrapScore="2" minCrapScore="2" visitedClasses="0" numClasses="0" visitedMethods="0" numMethods="0" />
              <MetadataToken>100663393</MetadataToken>
              <Name>System.Void Solution.CrossCutting.Utils.PropertyInfoExtensions/&lt;&gt;c::.cctor()</Name>
              <SequencePoints />
              <BranchPoints />
              <MethodPoint vc="0" uspid="172" ordinal="0" offset="0" />
            </Method>
            <Method visited="false" cyclomaticComplexity="1" nPathComplexity="0" sequenceCoverage="0" branchCoverage="0" crapScore="2" isConstructor="true" isStatic="false" isGetter="false" isSetter="false">
              <Summary numSequencePoints="0" visitedSequencePoints="0" numBranchPoints="0" visitedBranchPoints="0" sequenceCoverage="0" branchCoverage="0" maxCyclomaticComplexity="1" minCyclomaticComplexity="1" maxCrapScore="2" minCrapScore="2" visitedClasses="0" numClasses="0" visitedMethods="0" numMethods="0" />
              <MetadataToken>100663394</MetadataToken>
              <Name>System.Void Solution.CrossCutting.Utils.PropertyInfoExtensions/&lt;&gt;c::.ctor()</Name>
              <SequencePoints />
              <BranchPoints />
              <MethodPoint vc="0" uspid="173" ordinal="0" offset="0" />
            </Method>
            <Method visited="false" cyclomaticComplexity="1" nPathComplexity="0" sequenceCoverage="0" branchCoverage="0" crapScore="2" isConstructor="false" isStatic="false" isGetter="false" isSetter="false">
              <Summary numSequencePoints="1" visitedSequencePoints="0" numBranchPoints="1" visitedBranchPoints="0" sequenceCoverage="0" branchCoverage="0" maxCyclomaticComplexity="1" minCyclomaticComplexity="1" maxCrapScore="2" minCrapScore="2" visitedClasses="0" numClasses="0" visitedMethods="0" numMethods="1" />
              <MetadataToken>100663395</MetadataToken>
              <Name>System.Boolean Solution.CrossCutting.Utils.PropertyInfoExtensions/&lt;&gt;c::&lt;ToDictionary&gt;b__0_0(System.Reflection.PropertyInfo)</Name>
              <FileRef uid="13" />
              <SequencePoints>
                <SequencePoint vc="0" uspid="174" ordinal="0" offset="0" sl="13" sc="24" el="13" ec="85" bec="0" bev="0" fileid="13" />
              </SequencePoints>
              <BranchPoints />
              <MethodPoint xsi:type="SequencePoint" vc="0" uspid="174" ordinal="0" offset="0" sl="13" sc="24" el="13" ec="85" bec="0" bev="0" fileid="13" />
            </Method>
            <Method visited="false" cyclomaticComplexity="1" nPathComplexity="0" sequenceCoverage="0" branchCoverage="0" crapScore="2" isConstructor="false" isStatic="false" isGetter="false" isSetter="false">
              <Summary numSequencePoints="1" visitedSequencePoints="0" numBranchPoints="1" visitedBranchPoints="0" sequenceCoverage="0" branchCoverage="0" maxCyclomaticComplexity="1" minCyclomaticComplexity="1" maxCrapScore="2" minCrapScore="2" visitedClasses="0" numClasses="0" visitedMethods="0" numMethods="1" />
              <MetadataToken>100663396</MetadataToken>
              <Name>System.String Solution.CrossCutting.Utils.PropertyInfoExtensions/&lt;&gt;c::&lt;ToDictionary&gt;b__0_1(System.Reflection.PropertyInfo)</Name>
              <FileRef uid="13" />
              <SequencePoints>
                <SequencePoint vc="0" uspid="175" ordinal="0" offset="0" sl="14" sc="31" el="14" ec="56" bec="0" bev="0" fileid="13" />
              </SequencePoints>
              <BranchPoints />
              <MethodPoint xsi:type="SequencePoint" vc="0" uspid="175" ordinal="0" offset="0" sl="14" sc="31" el="14" ec="56" bec="0" bev="0" fileid="13" />
            </Method>
            <Method visited="false" cyclomaticComplexity="1" nPathComplexity="0" sequenceCoverage="0" branchCoverage="0" crapScore="2" isConstructor="false" isStatic="false" isGetter="false" isSetter="false">
              <Summary numSequencePoints="1" visitedSequencePoints="0" numBranchPoints="1" visitedBranchPoints="0" sequenceCoverage="0" branchCoverage="0" maxCyclomaticComplexity="1" minCyclomaticComplexity="1" maxCrapScore="2" minCrapScore="2" visitedClasses="0" numClasses="0" visitedMethods="0" numMethods="1" />
              <MetadataToken>100663397</MetadataToken>
              <Name>System.String Solution.CrossCutting.Utils.PropertyInfoExtensions/&lt;&gt;c::&lt;ToDictionary&gt;b__0_2(System.Reflection.PropertyInfo)</Name>
              <FileRef uid="13" />
              <SequencePoints>
                <SequencePoint vc="0" uspid="176" ordinal="0" offset="0" sl="14" sc="70" el="14" ec="103" bec="0" bev="0" fileid="13" />
              </SequencePoints>
              <BranchPoints />
              <MethodPoint xsi:type="SequencePoint" vc="0" uspid="176" ordinal="0" offset="0" sl="14" sc="70" el="14" ec="103" bec="0" bev="0" fileid="13" />
            </Method>
          </Methods>
        </Class>
        <Class>
          <Summary numSequencePoints="19" visitedSequencePoints="5" numBranchPoints="9" visitedBranchPoints="2" sequenceCoverage="26.32" branchCoverage="22.22" maxCyclomaticComplexity="8" minCyclomaticComplexity="1" maxCrapScore="72" minCrapScore="2" visitedClasses="1" numClasses="1" visitedMethods="1" numMethods="3" />
          <FullName>Solution.CrossCutting.Utils.QueryableExtensions</FullName>
          <Methods>
            <Method visited="false" cyclomaticComplexity="8" nPathComplexity="4" sequenceCoverage="0" branchCoverage="0" crapScore="72" isConstructor="false" isStatic="true" isGetter="false" isSetter="false">
              <Summary numSequencePoints="7" visitedSequencePoints="0" numBranchPoints="5" visitedBranchPoints="0" sequenceCoverage="0" branchCoverage="0" maxCyclomaticComplexity="8" minCyclomaticComplexity="8" maxCrapScore="72" minCrapScore="72" visitedClasses="0" numClasses="0" visitedMethods="0" numMethods="1" />
              <MetadataToken>100663345</MetadataToken>
              <Name>System.Linq.IQueryable`1&lt;T&gt; Solution.CrossCutting.Utils.QueryableExtensions::Order(System.Linq.IQueryable`1&lt;T&gt;,System.String,System.Boolean)</Name>
              <FileRef uid="15" />
              <SequencePoints>
                <SequencePoint vc="0" uspid="177" ordinal="0" offset="0" sl="10" sc="3" el="10" ec="4" bec="0" bev="0" fileid="15" />
                <SequencePoint vc="0" uspid="178" ordinal="1" offset="1" sl="11" sc="4" el="11" ec="80" bec="4" bev="0" fileid="15" />
                <SequencePoint vc="0" uspid="179" ordinal="2" offset="25" sl="11" sc="81" el="11" ec="82" bec="0" bev="0" fileid="15" />
                <SequencePoint vc="0" uspid="180" ordinal="3" offset="26" sl="11" sc="83" el="11" ec="100" bec="0" bev="0" fileid="15" />
                <SequencePoint vc="0" uspid="181" ordinal="4" offset="33" sl="12" sc="4" el="12" ec="59" bec="0" bev="0" fileid="15" />
                <SequencePoint vc="0" uspid="182" ordinal="5" offset="50" sl="13" sc="4" el="13" ec="119" bec="0" bev="0" fileid="15" />
                <SequencePoint vc="0" uspid="183" ordinal="6" offset="343" sl="14" sc="3" el="14" ec="4" bec="0" bev="0" fileid="15" />
              </SequencePoints>
              <BranchPoints>
                <BranchPoint vc="0" uspid="186" ordinal="2" offset="10" sl="11" path="0" offsetend="12" fileid="15" />
                <BranchPoint vc="0" uspid="187" ordinal="3" offset="10" sl="11" path="1" offsetend="20" fileid="15" />
                <BranchPoint vc="0" uspid="188" ordinal="4" offset="23" sl="11" path="0" offsetend="25" fileid="15" />
                <BranchPoint vc="0" uspid="189" ordinal="5" offset="23" sl="11" path="1" offsetend="33" fileid="15" />
              </BranchPoints>
              <MethodPoint xsi:type="SequencePoint" vc="0" uspid="177" ordinal="0" offset="0" sl="10" sc="3" el="10" ec="4" bec="0" bev="0" fileid="15" />
            </Method>
            <Method visited="true" cyclomaticComplexity="5" nPathComplexity="2" sequenceCoverage="83.33" branchCoverage="66.67" crapScore="5.12" isConstructor="false" isStatic="true" isGetter="false" isSetter="false">
              <Summary numSequencePoints="6" visitedSequencePoints="5" numBranchPoints="3" visitedBranchPoints="2" sequenceCoverage="83.33" branchCoverage="66.67" maxCyclomaticComplexity="5" minCyclomaticComplexity="5" maxCrapScore="5.12" minCrapScore="5.12" visitedClasses="0" numClasses="0" visitedMethods="1" numMethods="1" />
              <MetadataToken>100663346</MetadataToken>
              <Name>System.Linq.IQueryable`1&lt;T&gt; Solution.CrossCutting.Utils.QueryableExtensions::Page(System.Linq.IQueryable`1&lt;T&gt;,System.Int32,System.Int32)</Name>
              <FileRef uid="15" />
              <SequencePoints>
                <SequencePoint vc="2" uspid="198" ordinal="0" offset="0" sl="17" sc="3" el="17" ec="4" bec="0" bev="0" fileid="15">
                  <TrackedMethodRefs>
                    <TrackedMethodRef uid="5" vc="1" />
                    <TrackedMethodRef uid="18" vc="1" />
                  </TrackedMethodRefs>
                </SequencePoint>
                <SequencePoint vc="2" uspid="199" ordinal="1" offset="1" sl="18" sc="4" el="18" ec="73" bec="2" bev="1" fileid="15">
                  <TrackedMethodRefs>
                    <TrackedMethodRef uid="5" vc="1" />
                    <TrackedMethodRef uid="18" vc="1" />
                  </TrackedMethodRefs>
                </SequencePoint>
                <SequencePoint vc="2" uspid="200" ordinal="2" offset="26" sl="18" sc="74" el="18" ec="75" bec="0" bev="0" fileid="15">
                  <TrackedMethodRefs>
                    <TrackedMethodRef uid="5" vc="1" />
                    <TrackedMethodRef uid="18" vc="1" />
                  </TrackedMethodRefs>
                </SequencePoint>
                <SequencePoint vc="2" uspid="201" ordinal="3" offset="27" sl="18" sc="76" el="18" ec="93" bec="0" bev="0" fileid="15">
                  <TrackedMethodRefs>
                    <TrackedMethodRef uid="5" vc="1" />
                    <TrackedMethodRef uid="18" vc="1" />
                  </TrackedMethodRefs>
                </SequencePoint>
                <SequencePoint vc="0" uspid="202" ordinal="4" offset="31" sl="19" sc="4" el="19" ec="57" bec="0" bev="0" fileid="15" />
                <SequencePoint vc="2" uspid="203" ordinal="5" offset="51" sl="20" sc="3" el="20" ec="4" bec="0" bev="0" fileid="15">
                  <TrackedMethodRefs>
                    <TrackedMethodRef uid="5" vc="1" />
                    <TrackedMethodRef uid="18" vc="1" />
                  </TrackedMethodRefs>
                </SequencePoint>
              </SequencePoints>
              <BranchPoints>
                <BranchPoint vc="2" uspid="210" ordinal="6" offset="24" sl="18" path="0" offsetend="26" fileid="15">
                  <TrackedMethodRefs>
                    <TrackedMethodRef uid="5" vc="1" />
                    <TrackedMethodRef uid="18" vc="1" />
                  </TrackedMethodRefs>
                </BranchPoint>
                <BranchPoint vc="0" uspid="211" ordinal="7" offset="24" sl="18" path="1" offsetend="31" fileid="15" />
              </BranchPoints>
              <MethodPoint xsi:type="SequencePoint" vc="2" uspid="198" ordinal="0" offset="0" sl="17" sc="3" el="17" ec="4" bec="0" bev="0" fileid="15">
                <TrackedMethodRefs>
                  <TrackedMethodRef uid="5" vc="1" />
                  <TrackedMethodRef uid="18" vc="1" />
                </TrackedMethodRefs>
              </MethodPoint>
            </Method>
            <Method visited="false" cyclomaticComplexity="1" nPathComplexity="0" sequenceCoverage="0" branchCoverage="0" crapScore="2" isConstructor="false" isStatic="true" isGetter="false" isSetter="false">
              <Summary numSequencePoints="6" visitedSequencePoints="0" numBranchPoints="1" visitedBranchPoints="0" sequenceCoverage="0" branchCoverage="0" maxCyclomaticComplexity="1" minCyclomaticComplexity="1" maxCrapScore="2" minCrapScore="2" visitedClasses="0" numClasses="0" visitedMethods="0" numMethods="1" />
              <MetadataToken>100663347</MetadataToken>
              <Name>System.Object Solution.CrossCutting.Utils.QueryableExtensions::CreateExpression(System.Type,System.String)</Name>
              <FileRef uid="15" />
              <SequencePoints>
                <SequencePoint vc="0" uspid="212" ordinal="0" offset="6" sl="23" sc="3" el="23" ec="4" bec="0" bev="0" fileid="15" />
                <SequencePoint vc="0" uspid="213" ordinal="1" offset="7" sl="24" sc="4" el="24" ec="52" bec="0" bev="0" fileid="15" />
                <SequencePoint vc="0" uspid="214" ordinal="2" offset="19" sl="25" sc="4" el="25" ec="32" bec="0" bev="0" fileid="15" />
                <SequencePoint vc="0" uspid="215" ordinal="3" offset="26" sl="26" sc="4" el="26" ec="100" bec="0" bev="0" fileid="15" />
                <SequencePoint vc="0" uspid="216" ordinal="4" offset="66" sl="27" sc="4" el="27" ec="46" bec="0" bev="0" fileid="15" />
                <SequencePoint vc="0" uspid="217" ordinal="5" offset="90" sl="28" sc="3" el="28" ec="4" bec="0" bev="0" fileid="15" />
              </SequencePoints>
              <BranchPoints />
              <MethodPoint vc="0" uspid="218" ordinal="0" offset="0" />
            </Method>
          </Methods>
        </Class>
        <Class>
          <Summary numSequencePoints="1" visitedSequencePoints="0" numBranchPoints="1" visitedBranchPoints="0" sequenceCoverage="0" branchCoverage="0" maxCyclomaticComplexity="1" minCyclomaticComplexity="1" maxCrapScore="2" minCrapScore="2" visitedClasses="0" numClasses="1" visitedMethods="0" numMethods="1" />
          <FullName>Solution.CrossCutting.Utils.QueryableExtensions/&lt;&gt;c__DisplayClass2_0</FullName>
          <Methods>
            <Method visited="false" cyclomaticComplexity="1" nPathComplexity="0" sequenceCoverage="0" branchCoverage="0" crapScore="2" isConstructor="true" isStatic="false" isGetter="false" isSetter="false">
              <Summary numSequencePoints="0" visitedSequencePoints="0" numBranchPoints="0" visitedBranchPoints="0" sequenceCoverage="0" branchCoverage="0" maxCyclomaticComplexity="1" minCyclomaticComplexity="1" maxCrapScore="2" minCrapScore="2" visitedClasses="0" numClasses="0" visitedMethods="0" numMethods="0" />
              <MetadataToken>100663398</MetadataToken>
[...]
              <FileRef uid="305" />
              <SequencePoints />
              <BranchPoints />
            </Method>
            <Method visited="true" cyclomaticComplexity="1" nPathComplexity="0" sequenceCoverage="100" branchCoverage="100" crapScore="1" isConstructor="true" isStatic="false" isGetter="false" isSetter="false">
              <Summary numSequencePoints="6" visitedSequencePoints="6" numBranchPoints="1" visitedBranchPoints="1" sequenceCoverage="100" branchCoverage="100" maxCyclomaticComplexity="1" minCyclomaticComplexity="1" maxCrapScore="1" minCrapScore="1" visitedClasses="0" numClasses="0" visitedMethods="1" numMethods="1" />
              <MetadataToken>100663306</MetadataToken>
              <Name>System.Void Solution.Domain.Tests.AuthenticationDomainTest::.ctor()</Name>
              <FileRef uid="305" />
              <SequencePoints>
                <SequencePoint vc="3" uspid="1888" ordinal="0" offset="0" sl="13" sc="3" el="13" ec="36" bec="0" bev="0" fileid="305">
                  <TrackedMethodRefs>
                    <TrackedMethodRef uid="23" vc="1" />
                  </TrackedMethodRefs>
                </SequencePoint>
                <SequencePoint vc="3" uspid="1889" ordinal="1" offset="7" sl="14" sc="3" el="14" ec="4" bec="0" bev="0" fileid="305">
                  <TrackedMethodRefs>
                    <TrackedMethodRef uid="23" vc="1" />
                  </TrackedMethodRefs>
                </SequencePoint>
                <SequencePoint vc="3" uspid="1890" ordinal="2" offset="8" sl="15" sc="4" el="15" ec="43" bec="0" bev="0" fileid="305">
                  <TrackedMethodRefs>
                    <TrackedMethodRef uid="23" vc="1" />
                  </TrackedMethodRefs>
                </SequencePoint>
                <SequencePoint vc="3" uspid="1891" ordinal="3" offset="14" sl="16" sc="4" el="16" ec="72" bec="0" bev="0" fileid="305">
                  <TrackedMethodRefs>
                    <TrackedMethodRef uid="23" vc="1" />
                  </TrackedMethodRefs>
                </SequencePoint>
                <SequencePoint vc="3" uspid="1892" ordinal="4" offset="20" sl="17" sc="4" el="17" ec="83" bec="0" bev="0" fileid="305">
                  <TrackedMethodRefs>
                    <TrackedMethodRef uid="23" vc="1" />
                  </TrackedMethodRefs>
                </SequencePoint>
                <SequencePoint vc="3" uspid="1893" ordinal="5" offset="31" sl="18" sc="3" el="18" ec="4" bec="0" bev="0" fileid="305">
                  <TrackedMethodRefs>
                    <TrackedMethodRef uid="23" vc="1" />
                  </TrackedMethodRefs>
                </SequencePoint>
              </SequencePoints>
              <BranchPoints />
              <MethodPoint xsi:type="SequencePoint" vc="3" uspid="1888" ordinal="0" offset="0" sl="13" sc="3" el="13" ec="36" bec="0" bev="0" fileid="305">
                <TrackedMethodRefs>
                  <TrackedMethodRef uid="23" vc="1" />
                </TrackedMethodRefs>
              </MethodPoint>
            </Method>
            <Method visited="true" cyclomaticComplexity="1" nPathComplexity="0" sequenceCoverage="66.67" branchCoverage="100" crapScore="1.04" isConstructor="false" isStatic="false" isGetter="false" isSetter="false">
              <Summary numSequencePoints="3" visitedSequencePoints="2" numBranchPoints="1" visitedBranchPoints="1" sequenceCoverage="66.67" branchCoverage="100" maxCyclomaticComplexity="1" minCyclomaticComplexity="1" maxCrapScore="1.04" minCrapScore="1.04" visitedClasses="0" numClasses="0" visitedMethods="1" numMethods="1" />
              <MetadataToken>100663308</MetadataToken>
              <Name>System.Void Solution.Domain.Tests.AuthenticationDomainTest::AuthenticationDomain_Authenticate_Invalid()</Name>
              <FileRef uid="305" />
              <SequencePoints>
                <SequencePoint vc="1" uspid="1894" ordinal="0" offset="0" sl="25" sc="3" el="25" ec="4" bec="0" bev="0" fileid="305">
                  <TrackedMethodRefs>
                    <TrackedMethodRef uid="23" vc="1" />
                  </TrackedMethodRefs>
                </SequencePoint>
                <SequencePoint vc="1" uspid="1895" ordinal="1" offset="1" sl="26" sc="4" el="26" ec="65" bec="0" bev="0" fileid="305">
                  <TrackedMethodRefs>
                    <TrackedMethodRef uid="23" vc="1" />
                  </TrackedMethodRefs>
                </SequencePoint>
                <SequencePoint vc="0" uspid="1896" ordinal="2" offset="18" sl="27" sc="3" el="27" ec="4" bec="0" bev="0" fileid="305" />
              </SequencePoints>
              <BranchPoints />
              <MethodPoint xsi:type="SequencePoint" vc="1" uspid="1894" ordinal="0" offset="0" sl="25" sc="3" el="25" ec="4" bec="0" bev="0" fileid="305">
                <TrackedMethodRefs>
                  <TrackedMethodRef uid="23" vc="1" />
                </TrackedMethodRefs>
              </MethodPoint>
            </Method>
            <Method visited="true" cyclomaticComplexity="1" nPathComplexity="0" sequenceCoverage="100" branchCoverage="100" crapScore="1" isConstructor="false" isStatic="false" isGetter="false" isSetter="false">
              <Summary numSequencePoints="4" visitedSequencePoints="4" numBranchPoints="1" visitedBranchPoints="1" sequenceCoverage="100" branchCoverage="100" maxCyclomaticComplexity="1" minCyclomaticComplexity="1" maxCrapScore="1" minCrapScore="1" visitedClasses="0" numClasses="0" visitedMethods="1" numMethods="1" />
              <MetadataToken>100663309</MetadataToken>
              <Name>System.Void Solution.Domain.Tests.AuthenticationDomainTest::AuthenticationDomain_GenerateJwt_Invalid()</Name>
              <FileRef uid="305" />
              <SequencePoints>
                <SequencePoint vc="1" uspid="1897" ordinal="0" offset="0" sl="31" sc="3" el="31" ec="4" bec="0" bev="0" fileid="305">
                  <TrackedMethodRefs>
                    <TrackedMethodRef uid="24" vc="1" />
                  </TrackedMethodRefs>
                </SequencePoint>
                <SequencePoint vc="1" uspid="1898" ordinal="1" offset="1" sl="32" sc="4" el="32" ec="76" bec="0" bev="0" fileid="305">
                  <TrackedMethodRefs>
                    <TrackedMethodRef uid="24" vc="1" />
                  </TrackedMethodRefs>
                </SequencePoint>
                <SequencePoint vc="1" uspid="1899" ordinal="2" offset="18" sl="33" sc="4" el="33" ec="49" bec="0" bev="0" fileid="305">
                  <TrackedMethodRefs>
                    <TrackedMethodRef uid="24" vc="1" />
                  </TrackedMethodRefs>
                </SequencePoint>
                <SequencePoint vc="1" uspid="1900" ordinal="3" offset="30" sl="34" sc="3" el="34" ec="4" bec="0" bev="0" fileid="305">
                  <TrackedMethodRefs>
                    <TrackedMethodRef uid="24" vc="1" />
                  </TrackedMethodRefs>
                </SequencePoint>
              </SequencePoints>
              <BranchPoints />
              <MethodPoint xsi:type="SequencePoint" vc="1" uspid="1897" ordinal="0" offset="0" sl="31" sc="3" el="31" ec="4" bec="0" bev="0" fileid="305">
                <TrackedMethodRefs>
                  <TrackedMethodRef uid="24" vc="1" />
                </TrackedMethodRefs>
              </MethodPoint>
            </Method>
            <Method visited="true" cyclomaticComplexity="1" nPathComplexity="0" sequenceCoverage="100" branchCoverage="100" crapScore="1" isConstructor="false" isStatic="false" isGetter="false" isSetter="false">
              <Summary numSequencePoints="3" visitedSequencePoints="3" numBranchPoints="1" visitedBranchPoints="1" sequenceCoverage="100" branchCoverage="100" maxCyclomaticComplexity="1" minCyclomaticComplexity="1" maxCrapScore="1" minCrapScore="1" visitedClasses="0" numClasses="0" visitedMethods="1" numMethods="1" />
              <MetadataToken>100663310</MetadataToken>
              <Name>System.Void Solution.Domain.Tests.AuthenticationDomainTest::AuthenticationDomain_Logout()</Name>
              <FileRef uid="305" />
              <SequencePoints>
                <SequencePoint vc="1" uspid="1901" ordinal="0" offset="0" sl="38" sc="3" el="38" ec="4" bec="0" bev="0" fileid="305">
                  <TrackedMethodRefs>
                    <TrackedMethodRef uid="25" vc="1" />
                  </TrackedMethodRefs>
                </SequencePoint>
                <SequencePoint vc="1" uspid="1902" ordinal="1" offset="1" sl="39" sc="4" el="39" ec="35" bec="0" bev="0" fileid="305">
                  <TrackedMethodRefs>
                    <TrackedMethodRef uid="25" vc="1" />
                  </TrackedMethodRefs>
                </SequencePoint>
                <SequencePoint vc="1" uspid="1903" ordinal="2" offset="15" sl="40" sc="3" el="40" ec="4" bec="0" bev="0" fileid="305">
                  <TrackedMethodRefs>
                    <TrackedMethodRef uid="25" vc="1" />
                  </TrackedMethodRefs>
                </SequencePoint>
              </SequencePoints>
              <BranchPoints />
              <MethodPoint xsi:type="SequencePoint" vc="1" uspid="1901" ordinal="0" offset="0" sl="38" sc="3" el="38" ec="4" bec="0" bev="0" fileid="305">
                <TrackedMethodRefs>
                  <TrackedMethodRef uid="25" vc="1" />
                </TrackedMethodRefs>
              </MethodPoint>
            </Method>
          </Methods>
        </Class>
      </Classes>
      <TrackedMethods>
        <TrackedMethod uid="18" token="100663299" name="System.Void Solution.Domain.Tests.UserDomainTest::UserDomain_List()" strategy="MSTestTest" />
        <TrackedMethod uid="19" token="100663300" name="System.Void Solution.Domain.Tests.UserDomainTest::UserDomain_Select()" strategy="MSTestTest" />
        <TrackedMethod uid="20" token="100663303" name="System.Void Solution.Domain.Tests.UserLogDomainTest::UserLogDomain_Add()" strategy="MSTestTest" />
        <TrackedMethod uid="21" token="100663304" name="System.Void Solution.Domain.Tests.UserLogDomainTest::UserLogDomain_AddSaveChanges()" strategy="MSTestTest" />
        <TrackedMethod uid="22" token="100663305" name="System.Void Solution.Domain.Tests.UserLogDomainTest::UserLogDomain_Create()" strategy="MSTestTest" />
        <TrackedMethod uid="23" token="100663308" name="System.Void Solution.Domain.Tests.AuthenticationDomainTest::AuthenticationDomain_Authenticate_Invalid()" strategy="MSTestTest" />
        <TrackedMethod uid="24" token="100663309" name="System.Void Solution.Domain.Tests.AuthenticationDomainTest::AuthenticationDomain_GenerateJwt_Invalid()" strategy="MSTestTest" />
        <TrackedMethod uid="25" token="100663310" name="System.Void Solution.Domain.Tests.AuthenticationDomainTest::AuthenticationDomain_Logout()" strategy="MSTestTest" />
      </TrackedMethods>
    </Module>
    <Module hash="CA-CF-1A-6F-CC-03-92-FA-F8-3B-03-30-E1-30-E3-B6-E5-E2-88-1E">
      <Summary numSequencePoints="19" visitedSequencePoints="19" numBranchPoints="2" visitedBranchPoints="2" sequenceCoverage="100" branchCoverage="100" maxCyclomaticComplexity="1" minCyclomaticComplexity="1" maxCrapScore="1" minCrapScore="1" visitedClasses="1" numClasses="1" visitedMethods="2" numMethods="2" />
      <ModulePath>C:\Users\rafael.garcia\Desktop\DotNetArchitecture\Infrastructure\Tests\bin\Debug\Solution.Infrastructure.Tests.dll</ModulePath>
      <ModuleTime>2018-05-21T13:36:12.0725778Z</ModuleTime>
      <ModuleName>Solution.Infrastructure.Tests</ModuleName>
      <Files>
        <File uid="453" fullPath="C:\Users\rafael.garcia\Desktop\DotNetArchitecture\Infrastructure\Tests\Tests\DatabaseUnitOfWorkTest.cs" />
      </Files>
      <Classes>
        <Class>
          <Summary numSequencePoints="19" visitedSequencePoints="19" numBranchPoints="2" visitedBranchPoints="2" sequenceCoverage="100" branchCoverage="100" maxCyclomaticComplexity="1" minCyclomaticComplexity="1" maxCrapScore="1" minCrapScore="1" visitedClasses="1" numClasses="1" visitedMethods="2" numMethods="2" />
          <FullName>Solution.Infrastructure.Tests.DatabaseUnitOfWorkTest</FullName>
          <Methods>
            <Method skippedDueTo="AutoImplementedProperty" visited="false" cyclomaticComplexity="1" nPathComplexity="0" sequenceCoverage="0" branchCoverage="0" crapScore="0" isConstructor="false" isStatic="false" isGetter="true" isSetter="false">
              <MetadataToken>100663298</MetadataToken>
              <Name>Solution.Infrastructure.Databases.Database.UnitOfWork.IDatabaseUnitOfWork Solution.Infrastructure.Tests.DatabaseUnitOfWorkTest::get_DatabaseUnitOfWork()</Name>
              <FileRef uid="453" />
              <SequencePoints />
              <BranchPoints />
            </Method>
            <Method visited="true" cyclomaticComplexity="1" nPathComplexity="0" sequenceCoverage="100" branchCoverage="100" crapScore="1" isConstructor="true" isStatic="false" isGetter="false" isSetter="false">
              <Summary numSequencePoints="7" visitedSequencePoints="7" numBranchPoints="1" visitedBranchPoints="1" sequenceCoverage="100" branchCoverage="100" maxCyclomaticComplexity="1" minCyclomaticComplexity="1" maxCrapScore="1" minCrapScore="1" visitedClasses="0" numClasses="0" visitedMethods="1" numMethods="1" />
              <MetadataToken>100663297</MetadataToken>
              <Name>System.Void Solution.Infrastructure.Tests.DatabaseUnitOfWorkTest::.ctor()</Name>
              <FileRef uid="453" />
              <SequencePoints>
                <SequencePoint vc="1" uspid="2795" ordinal="0" offset="0" sl="13" sc="3" el="13" ec="34" bec="0" bev="0" fileid="453" />
                <SequencePoint vc="1" uspid="2796" ordinal="1" offset="7" sl="14" sc="3" el="14" ec="4" bec="0" bev="0" fileid="453" />
                <SequencePoint vc="1" uspid="2797" ordinal="2" offset="8" sl="15" sc="4" el="15" ec="43" bec="0" bev="0" fileid="453" />
                <SequencePoint vc="1" uspid="2798" ordinal="3" offset="14" sl="16" sc="4" el="16" ec="72" bec="0" bev="0" fileid="453" />
                <SequencePoint vc="1" uspid="2799" ordinal="4" offset="20" sl="17" sc="4" el="17" ec="61" bec="0" bev="0" fileid="453" />
                <SequencePoint vc="1" uspid="2800" ordinal="5" offset="31" sl="18" sc="4" el="18" ec="79" bec="0" bev="0" fileid="453" />
                <SequencePoint vc="1" uspid="2801" ordinal="6" offset="42" sl="19" sc="3" el="19" ec="4" bec="0" bev="0" fileid="453" />
              </SequencePoints>
              <BranchPoints />
              <MethodPoint xsi:type="SequencePoint" vc="1" uspid="2795" ordinal="0" offset="0" sl="13" sc="3" el="13" ec="34" bec="0" bev="0" fileid="453" />
            </Method>
            <Method visited="true" cyclomaticComplexity="1" nPathComplexity="0" sequenceCoverage="100" branchCoverage="100" crapScore="1" isConstructor="false" isStatic="false" isGetter="false" isSetter="false">
              <Summary numSequencePoints="12" visitedSequencePoints="12" numBranchPoints="1" visitedBranchPoints="1" sequenceCoverage="100" branchCoverage="100" maxCyclomaticComplexity="1" minCyclomaticComplexity="1" maxCrapScore="1" minCrapScore="1" visitedClasses="0" numClasses="0" visitedMethods="1" numMethods="1" />
              <MetadataToken>100663299</MetadataToken>
              <Name>System.Void Solution.Infrastructure.Tests.DatabaseUnitOfWorkTest::DatabaseUnitOfWork_Repositories()</Name>
              <FileRef uid="453" />
              <SequencePoints>
                <SequencePoint vc="1" uspid="2802" ordinal="0" offset="0" sl="25" sc="3" el="25" ec="4" bec="0" bev="0" fileid="453">
                  <TrackedMethodRefs>
                    <TrackedMethodRef uid="26" vc="1" />
                  </TrackedMethodRefs>
                </SequencePoint>
                <SequencePoint vc="1" uspid="2803" ordinal="1" offset="1" sl="27" sc="4" el="35" ec="6" bec="0" bev="0" fileid="453">
                  <TrackedMethodRefs>
                    <TrackedMethodRef uid="26" vc="1" />
                  </TrackedMethodRefs>
                </SequencePoint>
                <SequencePoint vc="1" uspid="2804" ordinal="2" offset="75" sl="38" sc="4" el="38" ec="38" bec="0" bev="0" fileid="453">
                  <TrackedMethodRefs>
                    <TrackedMethodRef uid="26" vc="1" />
                  </TrackedMethodRefs>
                </SequencePoint>
                <SequencePoint vc="1" uspid="2805" ordinal="3" offset="93" sl="39" sc="4" el="39" ec="37" bec="0" bev="0" fileid="453">
                  <TrackedMethodRefs>
                    <TrackedMethodRef uid="26" vc="1" />
                  </TrackedMethodRefs>
                </SequencePoint>
                <SequencePoint vc="1" uspid="2806" ordinal="4" offset="105" sl="42" sc="4" el="42" ec="63" bec="0" bev="0" fileid="453">
                  <TrackedMethodRefs>
                    <TrackedMethodRef uid="26" vc="1" />
                  </TrackedMethodRefs>
                </SequencePoint>
                <SequencePoint vc="1" uspid="2807" ordinal="5" offset="133" sl="45" sc="4" el="45" ec="32" bec="0" bev="0" fileid="453">
                  <TrackedMethodRefs>
                    <TrackedMethodRef uid="26" vc="1" />
                  </TrackedMethodRefs>
                </SequencePoint>
                <SequencePoint vc="1" uspid="2808" ordinal="6" offset="145" sl="46" sc="4" el="46" ec="60" bec="0" bev="0" fileid="453">
                  <TrackedMethodRefs>
                    <TrackedMethodRef uid="26" vc="1" />
                  </TrackedMethodRefs>
                </SequencePoint>
                <SequencePoint vc="1" uspid="2809" ordinal="7" offset="174" sl="47" sc="4" el="47" ec="37" bec="0" bev="0" fileid="453">
                  <TrackedMethodRefs>
                    <TrackedMethodRef uid="26" vc="1" />
                  </TrackedMethodRefs>
                </SequencePoint>
                <SequencePoint vc="1" uspid="2810" ordinal="8" offset="186" sl="50" sc="4" el="50" ec="48" bec="0" bev="0" fileid="453">
                  <TrackedMethodRefs>
                    <TrackedMethodRef uid="26" vc="1" />
                  </TrackedMethodRefs>
                </SequencePoint>
                <SequencePoint vc="1" uspid="2811" ordinal="9" offset="214" sl="51" sc="4" el="51" ec="37" bec="0" bev="0" fileid="453">
                  <TrackedMethodRefs>
                    <TrackedMethodRef uid="26" vc="1" />
                  </TrackedMethodRefs>
                </SequencePoint>
                <SequencePoint vc="1" uspid="2812" ordinal="10" offset="226" sl="54" sc="4" el="54" ec="36" bec="0" bev="0" fileid="453">
                  <TrackedMethodRefs>
                    <TrackedMethodRef uid="26" vc="1" />
                  </TrackedMethodRefs>
                </SequencePoint>
                <SequencePoint vc="1" uspid="2813" ordinal="11" offset="243" sl="55" sc="3" el="55" ec="4" bec="0" bev="0" fileid="453">
                  <TrackedMethodRefs>
                    <TrackedMethodRef uid="26" vc="1" />
                  </TrackedMethodRefs>
                </SequencePoint>
              </SequencePoints>
              <BranchPoints />
              <MethodPoint xsi:type="SequencePoint" vc="1" uspid="2802" ordinal="0" offset="0" sl="25" sc="3" el="25" ec="4" bec="0" bev="0" fileid="453">
                <TrackedMethodRefs>
                  <TrackedMethodRef uid="26" vc="1" />
                </TrackedMethodRefs>
              </MethodPoint>
            </Method>
          </Methods>
        </Class>
      </Classes>
      <TrackedMethods>
        <TrackedMethod uid="26" token="100663299" name="System.Void Solution.Infrastructure.Tests.DatabaseUnitOfWorkTest::DatabaseUnitOfWork_Repositories()" strategy="MSTestTest" />
      </TrackedMethods>
    </Module>
  </Modules>
</CoverageSession>